{"/home/mooks2022/Springboard/Express-jobly/app.js": {"path":"/home/mooks2022/Springboard/Express-jobly/app.js","statementMap":{"0":{"start":{"line":5,"column":16},"end":{"line":5,"column":34}},"1":{"start":{"line":6,"column":13},"end":{"line":6,"column":28}},"2":{"start":{"line":8,"column":26},"end":{"line":8,"column":51}},"3":{"start":{"line":10,"column":28},"end":{"line":10,"column":56}},"4":{"start":{"line":11,"column":19},"end":{"line":11,"column":43}},"5":{"start":{"line":12,"column":24},"end":{"line":12,"column":53}},"6":{"start":{"line":13,"column":20},"end":{"line":13,"column":45}},"7":{"start":{"line":14,"column":17},"end":{"line":14,"column":41}},"8":{"start":{"line":16,"column":15},"end":{"line":16,"column":32}},"9":{"start":{"line":18,"column":12},"end":{"line":18,"column":21}},"10":{"start":{"line":20,"column":0},"end":{"line":20,"column":16}},"11":{"start":{"line":21,"column":0},"end":{"line":21,"column":24}},"12":{"start":{"line":22,"column":0},"end":{"line":22,"column":24}},"13":{"start":{"line":23,"column":0},"end":{"line":23,"column":25}},"14":{"start":{"line":25,"column":0},"end":{"line":25,"column":29}},"15":{"start":{"line":26,"column":0},"end":{"line":26,"column":39}},"16":{"start":{"line":27,"column":0},"end":{"line":27,"column":31}},"17":{"start":{"line":28,"column":0},"end":{"line":28,"column":29}},"18":{"start":{"line":32,"column":0},"end":{"line":34,"column":3}},"19":{"start":{"line":33,"column":2},"end":{"line":33,"column":35}},"20":{"start":{"line":37,"column":0},"end":{"line":45,"column":3}},"21":{"start":{"line":38,"column":2},"end":{"line":38,"column":64}},"22":{"start":{"line":38,"column":39},"end":{"line":38,"column":64}},"23":{"start":{"line":39,"column":17},"end":{"line":39,"column":34}},"24":{"start":{"line":40,"column":18},"end":{"line":40,"column":29}},"25":{"start":{"line":42,"column":2},"end":{"line":44,"column":5}},"26":{"start":{"line":47,"column":0},"end":{"line":47,"column":21}}},"fnMap":{"0":{"name":"(anonymous_0)","decl":{"start":{"line":32,"column":8},"end":{"line":32,"column":9}},"loc":{"start":{"line":32,"column":34},"end":{"line":34,"column":1}},"line":32},"1":{"name":"(anonymous_1)","decl":{"start":{"line":37,"column":8},"end":{"line":37,"column":9}},"loc":{"start":{"line":37,"column":39},"end":{"line":45,"column":1}},"line":37}},"branchMap":{"0":{"loc":{"start":{"line":38,"column":2},"end":{"line":38,"column":64}},"type":"if","locations":[{"start":{"line":38,"column":2},"end":{"line":38,"column":64}},{"start":{},"end":{}}],"line":38},"1":{"loc":{"start":{"line":39,"column":17},"end":{"line":39,"column":34}},"type":"binary-expr","locations":[{"start":{"line":39,"column":17},"end":{"line":39,"column":27}},{"start":{"line":39,"column":31},"end":{"line":39,"column":34}}],"line":39}},"s":{"0":1,"1":1,"2":1,"3":1,"4":1,"5":1,"6":1,"7":1,"8":1,"9":1,"10":1,"11":1,"12":1,"13":1,"14":1,"15":1,"16":1,"17":1,"18":1,"19":0,"20":1,"21":13,"22":0,"23":13,"24":13,"25":13,"26":1},"f":{"0":0,"1":13},"b":{"0":[0,13],"1":[13,1]},"_coverageSchema":"1a1c01bbd47fc00a2c39e90264f33305004495a9","hash":"71b425208e703187ca14c4dfb119a2c4e69c5165"}
,"/home/mooks2022/Springboard/Express-jobly/config.js": {"path":"/home/mooks2022/Springboard/Express-jobly/config.js","statementMap":{"0":{"start":{"line":5,"column":0},"end":{"line":5,"column":27}},"1":{"start":{"line":6,"column":0},"end":{"line":6,"column":18}},"2":{"start":{"line":8,"column":19},"end":{"line":8,"column":57}},"3":{"start":{"line":10,"column":13},"end":{"line":10,"column":38}},"4":{"start":{"line":14,"column":2},"end":{"line":16,"column":86}},"5":{"start":{"line":22,"column":27},"end":{"line":22,"column":67}},"6":{"start":{"line":24,"column":0},"end":{"line":24,"column":35}},"7":{"start":{"line":25,"column":0},"end":{"line":25,"column":46}},"8":{"start":{"line":26,"column":0},"end":{"line":26,"column":45}},"9":{"start":{"line":27,"column":0},"end":{"line":27,"column":61}},"10":{"start":{"line":28,"column":0},"end":{"line":28,"column":50}},"11":{"start":{"line":29,"column":0},"end":{"line":29,"column":19}},"12":{"start":{"line":31,"column":0},"end":{"line":36,"column":2}}},"fnMap":{"0":{"name":"getDatabaseUri","decl":{"start":{"line":13,"column":9},"end":{"line":13,"column":23}},"loc":{"start":{"line":13,"column":26},"end":{"line":17,"column":1}},"line":13}},"branchMap":{"0":{"loc":{"start":{"line":8,"column":19},"end":{"line":8,"column":57}},"type":"binary-expr","locations":[{"start":{"line":8,"column":19},"end":{"line":8,"column":41}},{"start":{"line":8,"column":45},"end":{"line":8,"column":57}}],"line":8},"1":{"loc":{"start":{"line":10,"column":13},"end":{"line":10,"column":38}},"type":"binary-expr","locations":[{"start":{"line":10,"column":13},"end":{"line":10,"column":30}},{"start":{"line":10,"column":34},"end":{"line":10,"column":38}}],"line":10},"2":{"loc":{"start":{"line":14,"column":9},"end":{"line":16,"column":85}},"type":"cond-expr","locations":[{"start":{"line":15,"column":8},"end":{"line":15,"column":62}},{"start":{"line":16,"column":8},"end":{"line":16,"column":85}}],"line":14},"3":{"loc":{"start":{"line":16,"column":8},"end":{"line":16,"column":85}},"type":"binary-expr","locations":[{"start":{"line":16,"column":8},"end":{"line":16,"column":32}},{"start":{"line":16,"column":36},"end":{"line":16,"column":85}}],"line":16},"4":{"loc":{"start":{"line":22,"column":27},"end":{"line":22,"column":67}},"type":"cond-expr","locations":[{"start":{"line":22,"column":61},"end":{"line":22,"column":62}},{"start":{"line":22,"column":65},"end":{"line":22,"column":67}}],"line":22}},"s":{"0":1,"1":1,"2":1,"3":1,"4":2,"5":1,"6":1,"7":1,"8":1,"9":1,"10":1,"11":1,"12":1},"f":{"0":2},"b":{"0":[1,1],"1":[1,1],"2":[2,0],"3":[0,0],"4":[1,0]},"_coverageSchema":"1a1c01bbd47fc00a2c39e90264f33305004495a9","hash":"64b587f28739e7482a10466825597a5e7e5104e5"}
,"/home/mooks2022/Springboard/Express-jobly/db.js": {"path":"/home/mooks2022/Springboard/Express-jobly/db.js","statementMap":{"0":{"start":{"line":3,"column":19},"end":{"line":3,"column":32}},"1":{"start":{"line":4,"column":27},"end":{"line":4,"column":46}},"2":{"start":{"line":8,"column":0},"end":{"line":19,"column":1}},"3":{"start":{"line":9,"column":2},"end":{"line":14,"column":5}},"4":{"start":{"line":16,"column":2},"end":{"line":18,"column":5}},"5":{"start":{"line":21,"column":0},"end":{"line":21,"column":13}},"6":{"start":{"line":23,"column":0},"end":{"line":23,"column":20}}},"fnMap":{},"branchMap":{"0":{"loc":{"start":{"line":8,"column":0},"end":{"line":19,"column":1}},"type":"if","locations":[{"start":{"line":8,"column":0},"end":{"line":19,"column":1}},{"start":{"line":15,"column":7},"end":{"line":19,"column":1}}],"line":8}},"s":{"0":1,"1":1,"2":1,"3":0,"4":1,"5":1,"6":1},"f":{},"b":{"0":[0,1]},"_coverageSchema":"1a1c01bbd47fc00a2c39e90264f33305004495a9","hash":"1a5b88046e1a23357ed75d264a2e333f4c8c6ac1"}
,"/home/mooks2022/Springboard/Express-jobly/expressError.js": {"path":"/home/mooks2022/Springboard/Express-jobly/expressError.js","statementMap":{"0":{"start":{"line":9,"column":4},"end":{"line":9,"column":12}},"1":{"start":{"line":10,"column":4},"end":{"line":10,"column":27}},"2":{"start":{"line":11,"column":4},"end":{"line":11,"column":25}},"3":{"start":{"line":19,"column":4},"end":{"line":19,"column":24}},"4":{"start":{"line":27,"column":4},"end":{"line":27,"column":24}},"5":{"start":{"line":35,"column":4},"end":{"line":35,"column":24}},"6":{"start":{"line":43,"column":4},"end":{"line":43,"column":24}},"7":{"start":{"line":47,"column":0},"end":{"line":53,"column":2}}},"fnMap":{"0":{"name":"(anonymous_0)","decl":{"start":{"line":8,"column":2},"end":{"line":8,"column":3}},"loc":{"start":{"line":8,"column":31},"end":{"line":12,"column":3}},"line":8},"1":{"name":"(anonymous_1)","decl":{"start":{"line":18,"column":2},"end":{"line":18,"column":3}},"loc":{"start":{"line":18,"column":37},"end":{"line":20,"column":3}},"line":18},"2":{"name":"(anonymous_2)","decl":{"start":{"line":26,"column":2},"end":{"line":26,"column":3}},"loc":{"start":{"line":26,"column":40},"end":{"line":28,"column":3}},"line":26},"3":{"name":"(anonymous_3)","decl":{"start":{"line":34,"column":2},"end":{"line":34,"column":3}},"loc":{"start":{"line":34,"column":39},"end":{"line":36,"column":3}},"line":34},"4":{"name":"(anonymous_4)","decl":{"start":{"line":42,"column":2},"end":{"line":42,"column":3}},"loc":{"start":{"line":42,"column":65},"end":{"line":44,"column":3}},"line":42}},"branchMap":{"0":{"loc":{"start":{"line":18,"column":14},"end":{"line":18,"column":35}},"type":"default-arg","locations":[{"start":{"line":18,"column":24},"end":{"line":18,"column":35}}],"line":18},"1":{"loc":{"start":{"line":26,"column":14},"end":{"line":26,"column":38}},"type":"default-arg","locations":[{"start":{"line":26,"column":24},"end":{"line":26,"column":38}}],"line":26},"2":{"loc":{"start":{"line":34,"column":14},"end":{"line":34,"column":37}},"type":"default-arg","locations":[{"start":{"line":34,"column":24},"end":{"line":34,"column":37}}],"line":34},"3":{"loc":{"start":{"line":42,"column":14},"end":{"line":42,"column":63}},"type":"default-arg","locations":[{"start":{"line":42,"column":24},"end":{"line":42,"column":63}}],"line":42}},"s":{"0":12,"1":12,"2":12,"3":3,"4":2,"5":4,"6":3,"7":1},"f":{"0":12,"1":3,"2":2,"3":4,"4":3},"b":{"0":[0],"1":[2],"2":[0],"3":[3]},"_coverageSchema":"1a1c01bbd47fc00a2c39e90264f33305004495a9","hash":"77963b1305c1e03f809159b3945a96038d9acb67"}
,"/home/mooks2022/Springboard/Express-jobly/helpers/sql.js": {"path":"/home/mooks2022/Springboard/Express-jobly/helpers/sql.js","statementMap":{"0":{"start":{"line":1,"column":28},"end":{"line":1,"column":54}},"1":{"start":{"line":9,"column":15},"end":{"line":9,"column":40}},"2":{"start":{"line":10,"column":2},"end":{"line":10,"column":62}},"3":{"start":{"line":10,"column":25},"end":{"line":10,"column":62}},"4":{"start":{"line":14,"column":15},"end":{"line":16,"column":3}},"5":{"start":{"line":15,"column":6},"end":{"line":15,"column":52}},"6":{"start":{"line":19,"column":18},"end":{"line":22,"column":3}},"7":{"start":{"line":24,"column":2},"end":{"line":24,"column":18}},"8":{"start":{"line":27,"column":0},"end":{"line":27,"column":41}}},"fnMap":{"0":{"name":"sqlForPartialUpdate","decl":{"start":{"line":5,"column":9},"end":{"line":5,"column":28}},"loc":{"start":{"line":5,"column":52},"end":{"line":25,"column":1}},"line":5},"1":{"name":"(anonymous_1)","decl":{"start":{"line":14,"column":24},"end":{"line":14,"column":25}},"loc":{"start":{"line":15,"column":6},"end":{"line":15,"column":52}},"line":15}},"branchMap":{"0":{"loc":{"start":{"line":10,"column":2},"end":{"line":10,"column":62}},"type":"if","locations":[{"start":{"line":10,"column":2},"end":{"line":10,"column":62}},{"start":{},"end":{}}],"line":10},"1":{"loc":{"start":{"line":15,"column":10},"end":{"line":15,"column":37}},"type":"binary-expr","locations":[{"start":{"line":15,"column":10},"end":{"line":15,"column":26}},{"start":{"line":15,"column":30},"end":{"line":15,"column":37}}],"line":15}},"s":{"0":1,"1":2,"2":2,"3":0,"4":2,"5":2,"6":2,"7":2,"8":1},"f":{"0":2,"1":2},"b":{"0":[0,2],"1":[2,2]},"_coverageSchema":"1a1c01bbd47fc00a2c39e90264f33305004495a9","hash":"5171815a6c435df10c172bfaf2389412858ff1d6"}
,"/home/mooks2022/Springboard/Express-jobly/helpers/tokens.js": {"path":"/home/mooks2022/Springboard/Express-jobly/helpers/tokens.js","statementMap":{"0":{"start":{"line":1,"column":12},"end":{"line":1,"column":35}},"1":{"start":{"line":2,"column":23},"end":{"line":2,"column":43}},"2":{"start":{"line":7,"column":2},"end":{"line":8,"column":58}},"3":{"start":{"line":10,"column":16},"end":{"line":13,"column":3}},"4":{"start":{"line":15,"column":2},"end":{"line":15,"column":39}},"5":{"start":{"line":18,"column":0},"end":{"line":18,"column":33}}},"fnMap":{"0":{"name":"createToken","decl":{"start":{"line":6,"column":9},"end":{"line":6,"column":20}},"loc":{"start":{"line":6,"column":27},"end":{"line":16,"column":1}},"line":6}},"branchMap":{"0":{"loc":{"start":{"line":12,"column":13},"end":{"line":12,"column":34}},"type":"binary-expr","locations":[{"start":{"line":12,"column":13},"end":{"line":12,"column":25}},{"start":{"line":12,"column":29},"end":{"line":12,"column":34}}],"line":12}},"s":{"0":1,"1":1,"2":2,"3":2,"4":2,"5":1},"f":{"0":2},"b":{"0":[2,1]},"_coverageSchema":"1a1c01bbd47fc00a2c39e90264f33305004495a9","hash":"df4a9d18b334632c5fc5a0ef7b9cf0e32e6e074f"}
,"/home/mooks2022/Springboard/Express-jobly/middleware/auth.js": {"path":"/home/mooks2022/Springboard/Express-jobly/middleware/auth.js","statementMap":{"0":{"start":{"line":5,"column":12},"end":{"line":5,"column":35}},"1":{"start":{"line":6,"column":23},"end":{"line":6,"column":43}},"2":{"start":{"line":7,"column":46},"end":{"line":7,"column":72}},"3":{"start":{"line":20,"column":2},"end":{"line":34,"column":3}},"4":{"start":{"line":21,"column":4},"end":{"line":21,"column":35}},"5":{"start":{"line":22,"column":4},"end":{"line":22,"column":67}},"6":{"start":{"line":23,"column":4},"end":{"line":23,"column":95}},"7":{"start":{"line":24,"column":23},"end":{"line":24,"column":63}},"8":{"start":{"line":25,"column":4},"end":{"line":25,"column":65}},"9":{"start":{"line":26,"column":4},"end":{"line":30,"column":5}},"10":{"start":{"line":27,"column":20},"end":{"line":27,"column":64}},"11":{"start":{"line":28,"column":6},"end":{"line":28,"column":50}},"12":{"start":{"line":29,"column":6},"end":{"line":29,"column":54}},"13":{"start":{"line":31,"column":4},"end":{"line":31,"column":18}},"14":{"start":{"line":33,"column":4},"end":{"line":33,"column":18}},"15":{"start":{"line":43,"column":2},"end":{"line":50,"column":3}},"16":{"start":{"line":44,"column":4},"end":{"line":44,"column":92}},"17":{"start":{"line":45,"column":4},"end":{"line":45,"column":56}},"18":{"start":{"line":45,"column":26},"end":{"line":45,"column":56}},"19":{"start":{"line":46,"column":4},"end":{"line":46,"column":71}},"20":{"start":{"line":47,"column":4},"end":{"line":47,"column":18}},"21":{"start":{"line":49,"column":4},"end":{"line":49,"column":21}},"22":{"start":{"line":59,"column":2},"end":{"line":68,"column":3}},"23":{"start":{"line":60,"column":4},"end":{"line":60,"column":91}},"24":{"start":{"line":61,"column":4},"end":{"line":61,"column":107}},"25":{"start":{"line":62,"column":4},"end":{"line":62,"column":61}},"26":{"start":{"line":62,"column":34},"end":{"line":62,"column":61}},"27":{"start":{"line":63,"column":4},"end":{"line":63,"column":81}},"28":{"start":{"line":64,"column":4},"end":{"line":64,"column":17}},"29":{"start":{"line":67,"column":4},"end":{"line":67,"column":22}},"30":{"start":{"line":77,"column":2},"end":{"line":94,"column":3}},"31":{"start":{"line":78,"column":4},"end":{"line":78,"column":95}},"32":{"start":{"line":79,"column":4},"end":{"line":90,"column":5}},"33":{"start":{"line":80,"column":6},"end":{"line":82,"column":7}},"34":{"start":{"line":81,"column":8},"end":{"line":81,"column":93}},"35":{"start":{"line":83,"column":6},"end":{"line":85,"column":7}},"36":{"start":{"line":84,"column":8},"end":{"line":84,"column":111}},"37":{"start":{"line":86,"column":6},"end":{"line":86,"column":19}},"38":{"start":{"line":89,"column":6},"end":{"line":89,"column":33}},"39":{"start":{"line":93,"column":4},"end":{"line":93,"column":20}},"40":{"start":{"line":99,"column":0},"end":{"line":104,"column":2}}},"fnMap":{"0":{"name":"authenticateJWT","decl":{"start":{"line":19,"column":9},"end":{"line":19,"column":24}},"loc":{"start":{"line":19,"column":41},"end":{"line":35,"column":1}},"line":19},"1":{"name":"ensureLoggedIn","decl":{"start":{"line":42,"column":9},"end":{"line":42,"column":23}},"loc":{"start":{"line":42,"column":40},"end":{"line":51,"column":1}},"line":42},"2":{"name":"ensureIsAdmin","decl":{"start":{"line":58,"column":9},"end":{"line":58,"column":22}},"loc":{"start":{"line":58,"column":36},"end":{"line":69,"column":1}},"line":58},"3":{"name":"ensureIsAdminOrUser","decl":{"start":{"line":76,"column":9},"end":{"line":76,"column":28}},"loc":{"start":{"line":76,"column":42},"end":{"line":96,"column":1}},"line":76}},"branchMap":{"0":{"loc":{"start":{"line":24,"column":23},"end":{"line":24,"column":63}},"type":"binary-expr","locations":[{"start":{"line":24,"column":23},"end":{"line":24,"column":34}},{"start":{"line":24,"column":38},"end":{"line":24,"column":63}}],"line":24},"1":{"loc":{"start":{"line":26,"column":4},"end":{"line":30,"column":5}},"type":"if","locations":[{"start":{"line":26,"column":4},"end":{"line":30,"column":5}},{"start":{},"end":{}}],"line":26},"2":{"loc":{"start":{"line":45,"column":4},"end":{"line":45,"column":56}},"type":"if","locations":[{"start":{"line":45,"column":4},"end":{"line":45,"column":56}},{"start":{},"end":{}}],"line":45},"3":{"loc":{"start":{"line":62,"column":4},"end":{"line":62,"column":61}},"type":"if","locations":[{"start":{"line":62,"column":4},"end":{"line":62,"column":61}},{"start":{},"end":{}}],"line":62},"4":{"loc":{"start":{"line":79,"column":4},"end":{"line":90,"column":5}},"type":"if","locations":[{"start":{"line":79,"column":4},"end":{"line":90,"column":5}},{"start":{"line":88,"column":8},"end":{"line":90,"column":5}}],"line":79},"5":{"loc":{"start":{"line":79,"column":7},"end":{"line":79,"column":91}},"type":"binary-expr","locations":[{"start":{"line":79,"column":7},"end":{"line":79,"column":39}},{"start":{"line":79,"column":43},"end":{"line":79,"column":91}}],"line":79},"6":{"loc":{"start":{"line":80,"column":6},"end":{"line":82,"column":7}},"type":"if","locations":[{"start":{"line":80,"column":6},"end":{"line":82,"column":7}},{"start":{},"end":{}}],"line":80},"7":{"loc":{"start":{"line":83,"column":6},"end":{"line":85,"column":7}},"type":"if","locations":[{"start":{"line":83,"column":6},"end":{"line":85,"column":7}},{"start":{},"end":{}}],"line":83}},"s":{"0":1,"1":1,"2":1,"3":19,"4":19,"5":19,"6":19,"7":19,"8":19,"9":19,"10":13,"11":13,"12":13,"13":19,"14":0,"15":14,"16":14,"17":14,"18":2,"19":12,"20":12,"21":2,"22":12,"23":12,"24":12,"25":12,"26":3,"27":9,"28":9,"29":3,"30":0,"31":0,"32":0,"33":0,"34":0,"35":0,"36":0,"37":0,"38":0,"39":0,"40":1},"f":{"0":19,"1":14,"2":12,"3":0},"b":{"0":[19,19],"1":[13,6],"2":[2,12],"3":[3,9],"4":[0,0],"5":[0,0],"6":[0,0],"7":[0,0]},"_coverageSchema":"1a1c01bbd47fc00a2c39e90264f33305004495a9","hash":"6431c4ca1fbf5f2acad2ac0190328b9a19dfbeb7"}
,"/home/mooks2022/Springboard/Express-jobly/models/company.js": {"path":"/home/mooks2022/Springboard/Express-jobly/models/company.js","statementMap":{"0":{"start":{"line":3,"column":11},"end":{"line":3,"column":27}},"1":{"start":{"line":4,"column":43},"end":{"line":4,"column":69}},"2":{"start":{"line":5,"column":32},"end":{"line":5,"column":57}},"3":{"start":{"line":20,"column":27},"end":{"line":24,"column":17}},"4":{"start":{"line":26,"column":4},"end":{"line":27,"column":64}},"5":{"start":{"line":27,"column":6},"end":{"line":27,"column":64}},"6":{"start":{"line":29,"column":19},"end":{"line":41,"column":5}},"7":{"start":{"line":42,"column":20},"end":{"line":42,"column":34}},"8":{"start":{"line":44,"column":4},"end":{"line":44,"column":19}},"9":{"start":{"line":53,"column":25},"end":{"line":60,"column":26}},"10":{"start":{"line":61,"column":4},"end":{"line":61,"column":29}},"11":{"start":{"line":71,"column":4},"end":{"line":71,"column":61}},"12":{"start":{"line":72,"column":4},"end":{"line":72,"column":177}},"13":{"start":{"line":73,"column":4},"end":{"line":75,"column":5}},"14":{"start":{"line":74,"column":6},"end":{"line":74,"column":88}},"15":{"start":{"line":76,"column":18},"end":{"line":76,"column":133}},"16":{"start":{"line":87,"column":22},"end":{"line":87,"column":24}},"17":{"start":{"line":89,"column":24},"end":{"line":89,"column":25}},"18":{"start":{"line":92,"column":4},"end":{"line":100,"column":5}},"19":{"start":{"line":93,"column":6},"end":{"line":93,"column":23}},"20":{"start":{"line":94,"column":6},"end":{"line":94,"column":56}},"21":{"start":{"line":95,"column":6},"end":{"line":95,"column":35}},"22":{"start":{"line":99,"column":6},"end":{"line":99,"column":42}},"23":{"start":{"line":102,"column":4},"end":{"line":102,"column":21}},"24":{"start":{"line":103,"column":4},"end":{"line":103,"column":59}},"25":{"start":{"line":104,"column":4},"end":{"line":104,"column":34}},"26":{"start":{"line":106,"column":4},"end":{"line":106,"column":21}},"27":{"start":{"line":107,"column":4},"end":{"line":107,"column":60}},"28":{"start":{"line":108,"column":4},"end":{"line":108,"column":34}},"29":{"start":{"line":111,"column":4},"end":{"line":111,"column":32}},"30":{"start":{"line":112,"column":4},"end":{"line":112,"column":113}},"31":{"start":{"line":113,"column":4},"end":{"line":113,"column":110}},"32":{"start":{"line":114,"column":4},"end":{"line":114,"column":102}},"33":{"start":{"line":117,"column":25},"end":{"line":117,"column":62}},"34":{"start":{"line":118,"column":4},"end":{"line":118,"column":117}},"35":{"start":{"line":120,"column":4},"end":{"line":122,"column":5}},"36":{"start":{"line":121,"column":6},"end":{"line":121,"column":160}},"37":{"start":{"line":123,"column":4},"end":{"line":123,"column":30}},"38":{"start":{"line":136,"column":4},"end":{"line":136,"column":62}},"39":{"start":{"line":137,"column":4},"end":{"line":137,"column":146}},"40":{"start":{"line":139,"column":4},"end":{"line":141,"column":5}},"41":{"start":{"line":140,"column":6},"end":{"line":140,"column":89}},"42":{"start":{"line":143,"column":20},"end":{"line":143,"column":135}},"43":{"start":{"line":144,"column":24},"end":{"line":144,"column":26}},"44":{"start":{"line":145,"column":26},"end":{"line":145,"column":27}},"45":{"start":{"line":148,"column":4},"end":{"line":152,"column":5}},"46":{"start":{"line":149,"column":6},"end":{"line":149,"column":24}},"47":{"start":{"line":150,"column":6},"end":{"line":150,"column":57}},"48":{"start":{"line":151,"column":6},"end":{"line":151,"column":36}},"49":{"start":{"line":155,"column":4},"end":{"line":159,"column":5}},"50":{"start":{"line":156,"column":6},"end":{"line":156,"column":24}},"51":{"start":{"line":157,"column":6},"end":{"line":157,"column":63}},"52":{"start":{"line":158,"column":6},"end":{"line":158,"column":37}},"53":{"start":{"line":162,"column":4},"end":{"line":166,"column":5}},"54":{"start":{"line":163,"column":6},"end":{"line":163,"column":24}},"55":{"start":{"line":164,"column":6},"end":{"line":164,"column":63}},"56":{"start":{"line":165,"column":6},"end":{"line":165,"column":37}},"57":{"start":{"line":169,"column":4},"end":{"line":169,"column":34}},"58":{"start":{"line":171,"column":4},"end":{"line":171,"column":59}},"59":{"start":{"line":172,"column":4},"end":{"line":172,"column":67}},"60":{"start":{"line":174,"column":27},"end":{"line":174,"column":65}},"61":{"start":{"line":175,"column":4},"end":{"line":177,"column":5}},"62":{"start":{"line":176,"column":6},"end":{"line":176,"column":75}},"63":{"start":{"line":179,"column":4},"end":{"line":179,"column":31}},"64":{"start":{"line":187,"column":4},"end":{"line":187,"column":66}},"65":{"start":{"line":188,"column":4},"end":{"line":226,"column":5}},"66":{"start":{"line":189,"column":25},"end":{"line":189,"column":134}},"67":{"start":{"line":190,"column":6},"end":{"line":190,"column":93}},"68":{"start":{"line":191,"column":6},"end":{"line":191,"column":25}},"69":{"start":{"line":193,"column":9},"end":{"line":226,"column":5}},"70":{"start":{"line":194,"column":6},"end":{"line":208,"column":7}},"71":{"start":{"line":195,"column":27},"end":{"line":195,"column":113}},"72":{"start":{"line":196,"column":8},"end":{"line":196,"column":95}},"73":{"start":{"line":197,"column":8},"end":{"line":197,"column":27}},"74":{"start":{"line":199,"column":11},"end":{"line":208,"column":7}},"75":{"start":{"line":200,"column":27},"end":{"line":200,"column":106}},"76":{"start":{"line":201,"column":8},"end":{"line":201,"column":95}},"77":{"start":{"line":202,"column":8},"end":{"line":202,"column":27}},"78":{"start":{"line":204,"column":11},"end":{"line":208,"column":7}},"79":{"start":{"line":205,"column":27},"end":{"line":205,"column":106}},"80":{"start":{"line":206,"column":8},"end":{"line":206,"column":95}},"81":{"start":{"line":207,"column":8},"end":{"line":207,"column":27}},"82":{"start":{"line":210,"column":9},"end":{"line":226,"column":5}},"83":{"start":{"line":211,"column":6},"end":{"line":225,"column":7}},"84":{"start":{"line":212,"column":27},"end":{"line":212,"column":76}},"85":{"start":{"line":213,"column":8},"end":{"line":213,"column":95}},"86":{"start":{"line":214,"column":8},"end":{"line":214,"column":27}},"87":{"start":{"line":216,"column":11},"end":{"line":225,"column":7}},"88":{"start":{"line":217,"column":27},"end":{"line":217,"column":86}},"89":{"start":{"line":218,"column":8},"end":{"line":218,"column":95}},"90":{"start":{"line":219,"column":8},"end":{"line":219,"column":27}},"91":{"start":{"line":221,"column":11},"end":{"line":225,"column":7}},"92":{"start":{"line":222,"column":27},"end":{"line":222,"column":86}},"93":{"start":{"line":223,"column":8},"end":{"line":223,"column":95}},"94":{"start":{"line":224,"column":8},"end":{"line":224,"column":27}},"95":{"start":{"line":230,"column":4},"end":{"line":230,"column":66}},"96":{"start":{"line":231,"column":4},"end":{"line":231,"column":128}},"97":{"start":{"line":232,"column":4},"end":{"line":232,"column":167}},"98":{"start":{"line":233,"column":4},"end":{"line":233,"column":167}},"99":{"start":{"line":235,"column":4},"end":{"line":237,"column":5}},"100":{"start":{"line":236,"column":6},"end":{"line":236,"column":67}},"101":{"start":{"line":238,"column":4},"end":{"line":240,"column":5}},"102":{"start":{"line":239,"column":6},"end":{"line":239,"column":67}},"103":{"start":{"line":241,"column":4},"end":{"line":241,"column":127}},"104":{"start":{"line":242,"column":4},"end":{"line":242,"column":166}},"105":{"start":{"line":243,"column":4},"end":{"line":243,"column":166}},"106":{"start":{"line":244,"column":4},"end":{"line":244,"column":23}},"107":{"start":{"line":253,"column":4},"end":{"line":253,"column":63}},"108":{"start":{"line":254,"column":4},"end":{"line":254,"column":110}},"109":{"start":{"line":255,"column":25},"end":{"line":256,"column":78}},"110":{"start":{"line":257,"column":6},"end":{"line":257,"column":128}},"111":{"start":{"line":258,"column":4},"end":{"line":260,"column":5}},"112":{"start":{"line":259,"column":6},"end":{"line":259,"column":60}},"113":{"start":{"line":261,"column":4},"end":{"line":261,"column":30}},"114":{"start":{"line":269,"column":4},"end":{"line":269,"column":65}},"115":{"start":{"line":270,"column":4},"end":{"line":270,"column":119}},"116":{"start":{"line":271,"column":25},"end":{"line":272,"column":66}},"117":{"start":{"line":273,"column":6},"end":{"line":275,"column":7}},"118":{"start":{"line":274,"column":8},"end":{"line":274,"column":91}},"119":{"start":{"line":276,"column":8},"end":{"line":276,"column":34}},"120":{"start":{"line":286,"column":2},"end":{"line":286,"column":63}},"121":{"start":{"line":287,"column":2},"end":{"line":287,"column":117}},"122":{"start":{"line":288,"column":23},"end":{"line":289,"column":64}},"123":{"start":{"line":290,"column":4},"end":{"line":292,"column":5}},"124":{"start":{"line":291,"column":6},"end":{"line":291,"column":89}},"125":{"start":{"line":293,"column":6},"end":{"line":293,"column":32}},"126":{"start":{"line":302,"column":2},"end":{"line":302,"column":67}},"127":{"start":{"line":303,"column":2},"end":{"line":304,"column":77}},"128":{"start":{"line":305,"column":2},"end":{"line":307,"column":3}},"129":{"start":{"line":306,"column":4},"end":{"line":306,"column":86}},"130":{"start":{"line":308,"column":23},"end":{"line":309,"column":133}},"131":{"start":{"line":310,"column":2},"end":{"line":313,"column":3}},"132":{"start":{"line":311,"column":4},"end":{"line":312,"column":80}},"133":{"start":{"line":314,"column":6},"end":{"line":314,"column":32}},"134":{"start":{"line":322,"column":2},"end":{"line":322,"column":63}},"135":{"start":{"line":323,"column":2},"end":{"line":324,"column":77}},"136":{"start":{"line":325,"column":2},"end":{"line":327,"column":5}},"137":{"start":{"line":326,"column":4},"end":{"line":326,"column":86}},"138":{"start":{"line":328,"column":23},"end":{"line":329,"column":96}},"139":{"start":{"line":330,"column":2},"end":{"line":333,"column":7}},"140":{"start":{"line":331,"column":4},"end":{"line":332,"column":79}},"141":{"start":{"line":334,"column":6},"end":{"line":334,"column":32}},"142":{"start":{"line":342,"column":2},"end":{"line":342,"column":64}},"143":{"start":{"line":343,"column":2},"end":{"line":344,"column":69}},"144":{"start":{"line":345,"column":23},"end":{"line":346,"column":103}},"145":{"start":{"line":347,"column":4},"end":{"line":350,"column":9}},"146":{"start":{"line":348,"column":6},"end":{"line":349,"column":45}},"147":{"start":{"line":351,"column":8},"end":{"line":351,"column":34}},"148":{"start":{"line":359,"column":2},"end":{"line":359,"column":64}},"149":{"start":{"line":360,"column":2},"end":{"line":361,"column":69}},"150":{"start":{"line":362,"column":23},"end":{"line":363,"column":103}},"151":{"start":{"line":364,"column":4},"end":{"line":367,"column":9}},"152":{"start":{"line":365,"column":6},"end":{"line":366,"column":45}},"153":{"start":{"line":368,"column":8},"end":{"line":368,"column":34}},"154":{"start":{"line":380,"column":23},"end":{"line":388,"column":13}},"155":{"start":{"line":392,"column":19},"end":{"line":393,"column":51}},"156":{"start":{"line":396,"column":23},"end":{"line":396,"column":43}},"157":{"start":{"line":397,"column":17},"end":{"line":397,"column":33}},"158":{"start":{"line":399,"column":20},"end":{"line":399,"column":38}},"159":{"start":{"line":400,"column":4},"end":{"line":400,"column":67}},"160":{"start":{"line":400,"column":18},"end":{"line":400,"column":67}},"161":{"start":{"line":402,"column":4},"end":{"line":402,"column":28}},"162":{"start":{"line":406,"column":4},"end":{"line":406,"column":19}},"163":{"start":{"line":422,"column":32},"end":{"line":427,"column":10}},"164":{"start":{"line":428,"column":25},"end":{"line":428,"column":50}},"165":{"start":{"line":430,"column":21},"end":{"line":437,"column":54}},"166":{"start":{"line":438,"column":19},"end":{"line":438,"column":64}},"167":{"start":{"line":439,"column":20},"end":{"line":439,"column":34}},"168":{"start":{"line":441,"column":4},"end":{"line":441,"column":67}},"169":{"start":{"line":441,"column":18},"end":{"line":441,"column":67}},"170":{"start":{"line":443,"column":4},"end":{"line":443,"column":19}},"171":{"start":{"line":452,"column":19},"end":{"line":457,"column":17}},"172":{"start":{"line":458,"column":20},"end":{"line":458,"column":34}},"173":{"start":{"line":460,"column":4},"end":{"line":460,"column":67}},"174":{"start":{"line":460,"column":18},"end":{"line":460,"column":67}},"175":{"start":{"line":465,"column":0},"end":{"line":465,"column":25}}},"fnMap":{"0":{"name":"(anonymous_0)","decl":{"start":{"line":19,"column":2},"end":{"line":19,"column":3}},"loc":{"start":{"line":19,"column":76},"end":{"line":45,"column":3}},"line":19},"1":{"name":"(anonymous_1)","decl":{"start":{"line":52,"column":2},"end":{"line":52,"column":3}},"loc":{"start":{"line":52,"column":25},"end":{"line":62,"column":3}},"line":52},"2":{"name":"(anonymous_2)","decl":{"start":{"line":70,"column":2},"end":{"line":70,"column":3}},"loc":{"start":{"line":70,"column":94},"end":{"line":124,"column":3}},"line":70},"3":{"name":"(anonymous_3)","decl":{"start":{"line":135,"column":2},"end":{"line":135,"column":3}},"loc":{"start":{"line":135,"column":105},"end":{"line":180,"column":3}},"line":135},"4":{"name":"(anonymous_4)","decl":{"start":{"line":186,"column":2},"end":{"line":186,"column":3}},"loc":{"start":{"line":186,"column":50},"end":{"line":227,"column":3}},"line":186},"5":{"name":"(anonymous_5)","decl":{"start":{"line":229,"column":2},"end":{"line":229,"column":3}},"loc":{"start":{"line":229,"column":45},"end":{"line":246,"column":3}},"line":229},"6":{"name":"(anonymous_6)","decl":{"start":{"line":252,"column":2},"end":{"line":252,"column":3}},"loc":{"start":{"line":252,"column":47},"end":{"line":262,"column":3}},"line":252},"7":{"name":"(anonymous_7)","decl":{"start":{"line":268,"column":2},"end":{"line":268,"column":3}},"loc":{"start":{"line":268,"column":53},"end":{"line":277,"column":3}},"line":268},"8":{"name":"(anonymous_8)","decl":{"start":{"line":285,"column":0},"end":{"line":285,"column":1}},"loc":{"start":{"line":285,"column":51},"end":{"line":294,"column":1}},"line":285},"9":{"name":"(anonymous_9)","decl":{"start":{"line":301,"column":0},"end":{"line":301,"column":1}},"loc":{"start":{"line":301,"column":83},"end":{"line":315,"column":3}},"line":301},"10":{"name":"(anonymous_10)","decl":{"start":{"line":321,"column":0},"end":{"line":321,"column":1}},"loc":{"start":{"line":321,"column":67},"end":{"line":335,"column":5}},"line":321},"11":{"name":"(anonymous_11)","decl":{"start":{"line":341,"column":0},"end":{"line":341,"column":1}},"loc":{"start":{"line":341,"column":65},"end":{"line":352,"column":1}},"line":341},"12":{"name":"(anonymous_12)","decl":{"start":{"line":358,"column":0},"end":{"line":358,"column":1}},"loc":{"start":{"line":358,"column":65},"end":{"line":369,"column":1}},"line":358},"13":{"name":"(anonymous_13)","decl":{"start":{"line":379,"column":2},"end":{"line":379,"column":3}},"loc":{"start":{"line":379,"column":27},"end":{"line":407,"column":3}},"line":379},"14":{"name":"(anonymous_14)","decl":{"start":{"line":421,"column":2},"end":{"line":421,"column":3}},"loc":{"start":{"line":421,"column":36},"end":{"line":444,"column":3}},"line":421},"15":{"name":"(anonymous_15)","decl":{"start":{"line":451,"column":2},"end":{"line":451,"column":3}},"loc":{"start":{"line":451,"column":30},"end":{"line":461,"column":3}},"line":451}},"branchMap":{"0":{"loc":{"start":{"line":26,"column":4},"end":{"line":27,"column":64}},"type":"if","locations":[{"start":{"line":26,"column":4},"end":{"line":27,"column":64}},{"start":{},"end":{}}],"line":26},"1":{"loc":{"start":{"line":70,"column":39},"end":{"line":70,"column":93}},"type":"default-arg","locations":[{"start":{"line":70,"column":91},"end":{"line":70,"column":93}}],"line":70},"2":{"loc":{"start":{"line":70,"column":40},"end":{"line":70,"column":47}},"type":"default-arg","locations":[{"start":{"line":70,"column":45},"end":{"line":70,"column":47}}],"line":70},"3":{"loc":{"start":{"line":70,"column":49},"end":{"line":70,"column":63}},"type":"default-arg","locations":[{"start":{"line":70,"column":62},"end":{"line":70,"column":63}}],"line":70},"4":{"loc":{"start":{"line":70,"column":65},"end":{"line":70,"column":88}},"type":"default-arg","locations":[{"start":{"line":70,"column":78},"end":{"line":70,"column":88}}],"line":70},"5":{"loc":{"start":{"line":73,"column":4},"end":{"line":75,"column":5}},"type":"if","locations":[{"start":{"line":73,"column":4},"end":{"line":75,"column":5}},{"start":{},"end":{}}],"line":73},"6":{"loc":{"start":{"line":92,"column":4},"end":{"line":100,"column":5}},"type":"if","locations":[{"start":{"line":92,"column":4},"end":{"line":100,"column":5}},{"start":{"line":98,"column":8},"end":{"line":100,"column":5}}],"line":92},"7":{"loc":{"start":{"line":120,"column":4},"end":{"line":122,"column":5}},"type":"if","locations":[{"start":{"line":120,"column":4},"end":{"line":122,"column":5}},{"start":{},"end":{}}],"line":120},"8":{"loc":{"start":{"line":135,"column":41},"end":{"line":135,"column":103}},"type":"default-arg","locations":[{"start":{"line":135,"column":101},"end":{"line":135,"column":103}}],"line":135},"9":{"loc":{"start":{"line":135,"column":43},"end":{"line":135,"column":54}},"type":"default-arg","locations":[{"start":{"line":135,"column":50},"end":{"line":135,"column":54}}],"line":135},"10":{"loc":{"start":{"line":135,"column":56},"end":{"line":135,"column":75}},"type":"default-arg","locations":[{"start":{"line":135,"column":71},"end":{"line":135,"column":75}}],"line":135},"11":{"loc":{"start":{"line":135,"column":77},"end":{"line":135,"column":96}},"type":"default-arg","locations":[{"start":{"line":135,"column":92},"end":{"line":135,"column":96}}],"line":135},"12":{"loc":{"start":{"line":139,"column":4},"end":{"line":141,"column":5}},"type":"if","locations":[{"start":{"line":139,"column":4},"end":{"line":141,"column":5}},{"start":{},"end":{}}],"line":139},"13":{"loc":{"start":{"line":139,"column":8},"end":{"line":139,"column":85}},"type":"binary-expr","locations":[{"start":{"line":139,"column":8},"end":{"line":139,"column":29}},{"start":{"line":139,"column":33},"end":{"line":139,"column":54}},{"start":{"line":139,"column":58},"end":{"line":139,"column":85}}],"line":139},"14":{"loc":{"start":{"line":148,"column":4},"end":{"line":152,"column":5}},"type":"if","locations":[{"start":{"line":148,"column":4},"end":{"line":152,"column":5}},{"start":{},"end":{}}],"line":148},"15":{"loc":{"start":{"line":155,"column":4},"end":{"line":159,"column":5}},"type":"if","locations":[{"start":{"line":155,"column":4},"end":{"line":159,"column":5}},{"start":{},"end":{}}],"line":155},"16":{"loc":{"start":{"line":162,"column":4},"end":{"line":166,"column":5}},"type":"if","locations":[{"start":{"line":162,"column":4},"end":{"line":166,"column":5}},{"start":{},"end":{}}],"line":162},"17":{"loc":{"start":{"line":175,"column":4},"end":{"line":177,"column":5}},"type":"if","locations":[{"start":{"line":175,"column":4},"end":{"line":177,"column":5}},{"start":{},"end":{}}],"line":175},"18":{"loc":{"start":{"line":188,"column":4},"end":{"line":226,"column":5}},"type":"if","locations":[{"start":{"line":188,"column":4},"end":{"line":226,"column":5}},{"start":{"line":193,"column":9},"end":{"line":226,"column":5}}],"line":188},"19":{"loc":{"start":{"line":193,"column":9},"end":{"line":226,"column":5}},"type":"if","locations":[{"start":{"line":193,"column":9},"end":{"line":226,"column":5}},{"start":{"line":210,"column":9},"end":{"line":226,"column":5}}],"line":193},"20":{"loc":{"start":{"line":194,"column":6},"end":{"line":208,"column":7}},"type":"if","locations":[{"start":{"line":194,"column":6},"end":{"line":208,"column":7}},{"start":{"line":199,"column":11},"end":{"line":208,"column":7}}],"line":194},"21":{"loc":{"start":{"line":199,"column":11},"end":{"line":208,"column":7}},"type":"if","locations":[{"start":{"line":199,"column":11},"end":{"line":208,"column":7}},{"start":{"line":204,"column":11},"end":{"line":208,"column":7}}],"line":199},"22":{"loc":{"start":{"line":204,"column":11},"end":{"line":208,"column":7}},"type":"if","locations":[{"start":{"line":204,"column":11},"end":{"line":208,"column":7}},{"start":{},"end":{}}],"line":204},"23":{"loc":{"start":{"line":210,"column":9},"end":{"line":226,"column":5}},"type":"if","locations":[{"start":{"line":210,"column":9},"end":{"line":226,"column":5}},{"start":{},"end":{}}],"line":210},"24":{"loc":{"start":{"line":211,"column":6},"end":{"line":225,"column":7}},"type":"if","locations":[{"start":{"line":211,"column":6},"end":{"line":225,"column":7}},{"start":{"line":216,"column":11},"end":{"line":225,"column":7}}],"line":211},"25":{"loc":{"start":{"line":216,"column":11},"end":{"line":225,"column":7}},"type":"if","locations":[{"start":{"line":216,"column":11},"end":{"line":225,"column":7}},{"start":{"line":221,"column":11},"end":{"line":225,"column":7}}],"line":216},"26":{"loc":{"start":{"line":221,"column":11},"end":{"line":225,"column":7}},"type":"if","locations":[{"start":{"line":221,"column":11},"end":{"line":225,"column":7}},{"start":{},"end":{}}],"line":221},"27":{"loc":{"start":{"line":235,"column":4},"end":{"line":237,"column":5}},"type":"if","locations":[{"start":{"line":235,"column":4},"end":{"line":237,"column":5}},{"start":{},"end":{}}],"line":235},"28":{"loc":{"start":{"line":238,"column":4},"end":{"line":240,"column":5}},"type":"if","locations":[{"start":{"line":238,"column":4},"end":{"line":240,"column":5}},{"start":{},"end":{}}],"line":238},"29":{"loc":{"start":{"line":258,"column":4},"end":{"line":260,"column":5}},"type":"if","locations":[{"start":{"line":258,"column":4},"end":{"line":260,"column":5}},{"start":{},"end":{}}],"line":258},"30":{"loc":{"start":{"line":273,"column":6},"end":{"line":275,"column":7}},"type":"if","locations":[{"start":{"line":273,"column":6},"end":{"line":275,"column":7}},{"start":{},"end":{}}],"line":273},"31":{"loc":{"start":{"line":290,"column":4},"end":{"line":292,"column":5}},"type":"if","locations":[{"start":{"line":290,"column":4},"end":{"line":292,"column":5}},{"start":{},"end":{}}],"line":290},"32":{"loc":{"start":{"line":305,"column":2},"end":{"line":307,"column":3}},"type":"if","locations":[{"start":{"line":305,"column":2},"end":{"line":307,"column":3}},{"start":{},"end":{}}],"line":305},"33":{"loc":{"start":{"line":310,"column":2},"end":{"line":313,"column":3}},"type":"if","locations":[{"start":{"line":310,"column":2},"end":{"line":313,"column":3}},{"start":{},"end":{}}],"line":310},"34":{"loc":{"start":{"line":325,"column":2},"end":{"line":327,"column":5}},"type":"if","locations":[{"start":{"line":325,"column":2},"end":{"line":327,"column":5}},{"start":{},"end":{}}],"line":325},"35":{"loc":{"start":{"line":330,"column":2},"end":{"line":333,"column":7}},"type":"if","locations":[{"start":{"line":330,"column":2},"end":{"line":333,"column":7}},{"start":{},"end":{}}],"line":330},"36":{"loc":{"start":{"line":347,"column":4},"end":{"line":350,"column":9}},"type":"if","locations":[{"start":{"line":347,"column":4},"end":{"line":350,"column":9}},{"start":{},"end":{}}],"line":347},"37":{"loc":{"start":{"line":364,"column":4},"end":{"line":367,"column":9}},"type":"if","locations":[{"start":{"line":364,"column":4},"end":{"line":367,"column":9}},{"start":{},"end":{}}],"line":364},"38":{"loc":{"start":{"line":400,"column":4},"end":{"line":400,"column":67}},"type":"if","locations":[{"start":{"line":400,"column":4},"end":{"line":400,"column":67}},{"start":{},"end":{}}],"line":400},"39":{"loc":{"start":{"line":441,"column":4},"end":{"line":441,"column":67}},"type":"if","locations":[{"start":{"line":441,"column":4},"end":{"line":441,"column":67}},{"start":{},"end":{}}],"line":441},"40":{"loc":{"start":{"line":460,"column":4},"end":{"line":460,"column":67}},"type":"if","locations":[{"start":{"line":460,"column":4},"end":{"line":460,"column":67}},{"start":{},"end":{}}],"line":460}},"s":{"0":1,"1":1,"2":1,"3":4,"4":4,"5":0,"6":4,"7":4,"8":4,"9":2,"10":1,"11":0,"12":0,"13":0,"14":0,"15":0,"16":0,"17":0,"18":0,"19":0,"20":0,"21":0,"22":0,"23":0,"24":0,"25":0,"26":0,"27":0,"28":0,"29":0,"30":0,"31":0,"32":0,"33":0,"34":0,"35":0,"36":0,"37":0,"38":0,"39":0,"40":0,"41":0,"42":0,"43":0,"44":0,"45":0,"46":0,"47":0,"48":0,"49":0,"50":0,"51":0,"52":0,"53":0,"54":0,"55":0,"56":0,"57":0,"58":0,"59":0,"60":0,"61":0,"62":0,"63":0,"64":0,"65":0,"66":0,"67":0,"68":0,"69":0,"70":0,"71":0,"72":0,"73":0,"74":0,"75":0,"76":0,"77":0,"78":0,"79":0,"80":0,"81":0,"82":0,"83":0,"84":0,"85":0,"86":0,"87":0,"88":0,"89":0,"90":0,"91":0,"92":0,"93":0,"94":0,"95":0,"96":0,"97":0,"98":0,"99":0,"100":0,"101":0,"102":0,"103":0,"104":0,"105":0,"106":0,"107":0,"108":0,"109":0,"110":0,"111":0,"112":0,"113":0,"114":0,"115":0,"116":0,"117":0,"118":0,"119":0,"120":0,"121":0,"122":0,"123":0,"124":0,"125":0,"126":0,"127":0,"128":0,"129":0,"130":0,"131":0,"132":0,"133":0,"134":0,"135":0,"136":0,"137":0,"138":0,"139":0,"140":0,"141":0,"142":0,"143":0,"144":0,"145":0,"146":0,"147":0,"148":0,"149":0,"150":0,"151":0,"152":0,"153":0,"154":3,"155":3,"156":3,"157":3,"158":3,"159":3,"160":1,"161":2,"162":2,"163":2,"164":2,"165":2,"166":2,"167":2,"168":2,"169":1,"170":1,"171":2,"172":2,"173":2,"174":1,"175":1},"f":{"0":4,"1":2,"2":0,"3":0,"4":0,"5":0,"6":0,"7":0,"8":0,"9":0,"10":0,"11":0,"12":0,"13":3,"14":2,"15":2},"b":{"0":[0,4],"1":[0],"2":[0],"3":[0],"4":[0],"5":[0,0],"6":[0,0],"7":[0,0],"8":[0],"9":[0],"10":[0],"11":[0],"12":[0,0],"13":[0,0,0],"14":[0,0],"15":[0,0],"16":[0,0],"17":[0,0],"18":[0,0],"19":[0,0],"20":[0,0],"21":[0,0],"22":[0,0],"23":[0,0],"24":[0,0],"25":[0,0],"26":[0,0],"27":[0,0],"28":[0,0],"29":[0,0],"30":[0,0],"31":[0,0],"32":[0,0],"33":[0,0],"34":[0,0],"35":[0,0],"36":[0,0],"37":[0,0],"38":[1,2],"39":[1,1],"40":[1,1]},"_coverageSchema":"1a1c01bbd47fc00a2c39e90264f33305004495a9","hash":"a97b56c19ca9ff0c6b2225928d46dc0a13d0f91e"}
,"/home/mooks2022/Springboard/Express-jobly/models/jobs.js": {"path":"/home/mooks2022/Springboard/Express-jobly/models/jobs.js","statementMap":{"0":{"start":{"line":3,"column":11},"end":{"line":3,"column":27}},"1":{"start":{"line":4,"column":43},"end":{"line":4,"column":69}},"2":{"start":{"line":5,"column":32},"end":{"line":5,"column":57}},"3":{"start":{"line":16,"column":4},"end":{"line":16,"column":47}},"4":{"start":{"line":17,"column":18},"end":{"line":20,"column":5}},"5":{"start":{"line":21,"column":4},"end":{"line":21,"column":90}},"6":{"start":{"line":22,"column":4},"end":{"line":22,"column":24}},"7":{"start":{"line":41,"column":4},"end":{"line":41,"column":56}},"8":{"start":{"line":42,"column":4},"end":{"line":42,"column":166}},"9":{"start":{"line":44,"column":18},"end":{"line":44,"column":107}},"10":{"start":{"line":47,"column":22},"end":{"line":47,"column":24}},"11":{"start":{"line":50,"column":24},"end":{"line":50,"column":25}},"12":{"start":{"line":53,"column":4},"end":{"line":57,"column":5}},"13":{"start":{"line":54,"column":6},"end":{"line":54,"column":23}},"14":{"start":{"line":55,"column":6},"end":{"line":55,"column":56}},"15":{"start":{"line":56,"column":6},"end":{"line":56,"column":36}},"16":{"start":{"line":60,"column":4},"end":{"line":64,"column":5}},"17":{"start":{"line":61,"column":6},"end":{"line":61,"column":24}},"18":{"start":{"line":62,"column":6},"end":{"line":62,"column":54}},"19":{"start":{"line":63,"column":6},"end":{"line":63,"column":33}},"20":{"start":{"line":71,"column":4},"end":{"line":73,"column":5}},"21":{"start":{"line":72,"column":6},"end":{"line":72,"column":35}},"22":{"start":{"line":76,"column":4},"end":{"line":76,"column":32}},"23":{"start":{"line":78,"column":4},"end":{"line":78,"column":59}},"24":{"start":{"line":79,"column":4},"end":{"line":79,"column":67}},"25":{"start":{"line":82,"column":21},"end":{"line":82,"column":58}},"26":{"start":{"line":83,"column":4},"end":{"line":85,"column":5}},"27":{"start":{"line":84,"column":6},"end":{"line":84,"column":47}},"28":{"start":{"line":86,"column":4},"end":{"line":86,"column":26}},"29":{"start":{"line":100,"column":4},"end":{"line":100,"column":50}},"30":{"start":{"line":101,"column":18},"end":{"line":104,"column":36}},"31":{"start":{"line":105,"column":15},"end":{"line":105,"column":27}},"32":{"start":{"line":106,"column":4},"end":{"line":106,"column":86}},"33":{"start":{"line":106,"column":25},"end":{"line":106,"column":86}},"34":{"start":{"line":107,"column":4},"end":{"line":107,"column":16}},"35":{"start":{"line":116,"column":4},"end":{"line":116,"column":47}},"36":{"start":{"line":117,"column":18},"end":{"line":119,"column":28}},"37":{"start":{"line":120,"column":14},"end":{"line":120,"column":29}},"38":{"start":{"line":121,"column":4},"end":{"line":121,"column":63}},"39":{"start":{"line":121,"column":14},"end":{"line":121,"column":63}},"40":{"start":{"line":122,"column":4},"end":{"line":122,"column":14}},"41":{"start":{"line":143,"column":17},"end":{"line":146,"column":115}},"42":{"start":{"line":147,"column":14},"end":{"line":147,"column":28}},"43":{"start":{"line":149,"column":4},"end":{"line":149,"column":14}},"44":{"start":{"line":159,"column":17},"end":{"line":161,"column":5}},"45":{"start":{"line":162,"column":14},"end":{"line":162,"column":28}},"46":{"start":{"line":163,"column":4},"end":{"line":163,"column":54}},"47":{"start":{"line":163,"column":14},"end":{"line":163,"column":54}},"48":{"start":{"line":164,"column":4},"end":{"line":164,"column":14}},"49":{"start":{"line":182,"column":28},"end":{"line":184,"column":6}},"50":{"start":{"line":185,"column":20},"end":{"line":185,"column":45}},"51":{"start":{"line":187,"column":19},"end":{"line":194,"column":64}},"52":{"start":{"line":196,"column":17},"end":{"line":196,"column":58}},"53":{"start":{"line":197,"column":14},"end":{"line":197,"column":28}},"54":{"start":{"line":199,"column":4},"end":{"line":199,"column":54}},"55":{"start":{"line":199,"column":14},"end":{"line":199,"column":54}},"56":{"start":{"line":201,"column":4},"end":{"line":201,"column":14}},"57":{"start":{"line":230,"column":4},"end":{"line":230,"column":120}},"58":{"start":{"line":231,"column":4},"end":{"line":231,"column":153}},"59":{"start":{"line":232,"column":4},"end":{"line":232,"column":153}},"60":{"start":{"line":234,"column":4},"end":{"line":236,"column":5}},"61":{"start":{"line":235,"column":6},"end":{"line":235,"column":61}},"62":{"start":{"line":238,"column":4},"end":{"line":243,"column":5}},"63":{"start":{"line":239,"column":26},"end":{"line":239,"column":48}},"64":{"start":{"line":240,"column":27},"end":{"line":240,"column":49}},"65":{"start":{"line":241,"column":6},"end":{"line":241,"column":41}},"66":{"start":{"line":244,"column":4},"end":{"line":244,"column":119}},"67":{"start":{"line":245,"column":4},"end":{"line":245,"column":155}},"68":{"start":{"line":246,"column":4},"end":{"line":246,"column":152}},"69":{"start":{"line":248,"column":4},"end":{"line":248,"column":23}},"70":{"start":{"line":255,"column":0},"end":{"line":255,"column":19}}},"fnMap":{"0":{"name":"(anonymous_0)","decl":{"start":{"line":15,"column":2},"end":{"line":15,"column":3}},"loc":{"start":{"line":15,"column":24},"end":{"line":24,"column":3}},"line":15},"1":{"name":"(anonymous_1)","decl":{"start":{"line":40,"column":2},"end":{"line":40,"column":3}},"loc":{"start":{"line":40,"column":92},"end":{"line":88,"column":3}},"line":40},"2":{"name":"(anonymous_2)","decl":{"start":{"line":99,"column":2},"end":{"line":99,"column":3}},"loc":{"start":{"line":99,"column":32},"end":{"line":108,"column":3}},"line":99},"3":{"name":"(anonymous_3)","decl":{"start":{"line":115,"column":2},"end":{"line":115,"column":3}},"loc":{"start":{"line":115,"column":26},"end":{"line":123,"column":3}},"line":115},"4":{"name":"(anonymous_4)","decl":{"start":{"line":132,"column":2},"end":{"line":132,"column":3}},"loc":{"start":{"line":132,"column":61},"end":{"line":151,"column":3}},"line":132},"5":{"name":"(anonymous_5)","decl":{"start":{"line":158,"column":2},"end":{"line":158,"column":3}},"loc":{"start":{"line":158,"column":25},"end":{"line":165,"column":3}},"line":158},"6":{"name":"(anonymous_6)","decl":{"start":{"line":181,"column":2},"end":{"line":181,"column":3}},"loc":{"start":{"line":181,"column":31},"end":{"line":203,"column":3}},"line":181},"7":{"name":"(anonymous_7)","decl":{"start":{"line":229,"column":2},"end":{"line":229,"column":3}},"loc":{"start":{"line":229,"column":41},"end":{"line":250,"column":3}},"line":229}},"branchMap":{"0":{"loc":{"start":{"line":40,"column":43},"end":{"line":40,"column":91}},"type":"default-arg","locations":[{"start":{"line":40,"column":89},"end":{"line":40,"column":91}}],"line":40},"1":{"loc":{"start":{"line":40,"column":44},"end":{"line":40,"column":54}},"type":"default-arg","locations":[{"start":{"line":40,"column":50},"end":{"line":40,"column":54}}],"line":40},"2":{"loc":{"start":{"line":40,"column":56},"end":{"line":40,"column":70}},"type":"default-arg","locations":[{"start":{"line":40,"column":66},"end":{"line":40,"column":70}}],"line":40},"3":{"loc":{"start":{"line":40,"column":72},"end":{"line":40,"column":87}},"type":"default-arg","locations":[{"start":{"line":40,"column":82},"end":{"line":40,"column":87}}],"line":40},"4":{"loc":{"start":{"line":53,"column":4},"end":{"line":57,"column":5}},"type":"if","locations":[{"start":{"line":53,"column":4},"end":{"line":57,"column":5}},{"start":{},"end":{}}],"line":53},"5":{"loc":{"start":{"line":60,"column":4},"end":{"line":64,"column":5}},"type":"if","locations":[{"start":{"line":60,"column":4},"end":{"line":64,"column":5}},{"start":{},"end":{}}],"line":60},"6":{"loc":{"start":{"line":71,"column":4},"end":{"line":73,"column":5}},"type":"if","locations":[{"start":{"line":71,"column":4},"end":{"line":73,"column":5}},{"start":{},"end":{}}],"line":71},"7":{"loc":{"start":{"line":83,"column":4},"end":{"line":85,"column":5}},"type":"if","locations":[{"start":{"line":83,"column":4},"end":{"line":85,"column":5}},{"start":{},"end":{}}],"line":83},"8":{"loc":{"start":{"line":106,"column":4},"end":{"line":106,"column":86}},"type":"if","locations":[{"start":{"line":106,"column":4},"end":{"line":106,"column":86}},{"start":{},"end":{}}],"line":106},"9":{"loc":{"start":{"line":121,"column":4},"end":{"line":121,"column":63}},"type":"if","locations":[{"start":{"line":121,"column":4},"end":{"line":121,"column":63}},{"start":{},"end":{}}],"line":121},"10":{"loc":{"start":{"line":163,"column":4},"end":{"line":163,"column":54}},"type":"if","locations":[{"start":{"line":163,"column":4},"end":{"line":163,"column":54}},{"start":{},"end":{}}],"line":163},"11":{"loc":{"start":{"line":199,"column":4},"end":{"line":199,"column":54}},"type":"if","locations":[{"start":{"line":199,"column":4},"end":{"line":199,"column":54}},{"start":{},"end":{}}],"line":199},"12":{"loc":{"start":{"line":234,"column":4},"end":{"line":236,"column":5}},"type":"if","locations":[{"start":{"line":234,"column":4},"end":{"line":236,"column":5}},{"start":{},"end":{}}],"line":234},"13":{"loc":{"start":{"line":238,"column":4},"end":{"line":243,"column":5}},"type":"if","locations":[{"start":{"line":238,"column":4},"end":{"line":243,"column":5}},{"start":{},"end":{}}],"line":238}},"s":{"0":1,"1":1,"2":1,"3":0,"4":0,"5":0,"6":0,"7":0,"8":0,"9":0,"10":0,"11":0,"12":0,"13":0,"14":0,"15":0,"16":0,"17":0,"18":0,"19":0,"20":0,"21":0,"22":0,"23":0,"24":0,"25":0,"26":0,"27":0,"28":0,"29":0,"30":0,"31":0,"32":0,"33":0,"34":0,"35":0,"36":0,"37":0,"38":0,"39":0,"40":0,"41":3,"42":3,"43":3,"44":0,"45":0,"46":0,"47":0,"48":0,"49":0,"50":0,"51":0,"52":0,"53":0,"54":0,"55":0,"56":0,"57":0,"58":0,"59":0,"60":0,"61":0,"62":0,"63":0,"64":0,"65":0,"66":0,"67":0,"68":0,"69":0,"70":1},"f":{"0":0,"1":0,"2":0,"3":0,"4":3,"5":0,"6":0,"7":0},"b":{"0":[0],"1":[0],"2":[0],"3":[0],"4":[0,0],"5":[0,0],"6":[0,0],"7":[0,0],"8":[0,0],"9":[0,0],"10":[0,0],"11":[0,0],"12":[0,0],"13":[0,0]},"_coverageSchema":"1a1c01bbd47fc00a2c39e90264f33305004495a9","hash":"be19c3cb9c56267ef51e3cf8f30b8fe82442cbd7"}
,"/home/mooks2022/Springboard/Express-jobly/models/user.js": {"path":"/home/mooks2022/Springboard/Express-jobly/models/user.js","statementMap":{"0":{"start":{"line":3,"column":11},"end":{"line":3,"column":27}},"1":{"start":{"line":4,"column":15},"end":{"line":4,"column":32}},"2":{"start":{"line":5,"column":32},"end":{"line":5,"column":57}},"3":{"start":{"line":10,"column":4},"end":{"line":10,"column":30}},"4":{"start":{"line":12,"column":31},"end":{"line":12,"column":54}},"5":{"start":{"line":26,"column":19},"end":{"line":36,"column":5}},"6":{"start":{"line":38,"column":17},"end":{"line":38,"column":31}},"7":{"start":{"line":40,"column":4},"end":{"line":47,"column":5}},"8":{"start":{"line":42,"column":22},"end":{"line":42,"column":67}},"9":{"start":{"line":43,"column":6},"end":{"line":46,"column":7}},"10":{"start":{"line":44,"column":8},"end":{"line":44,"column":29}},"11":{"start":{"line":45,"column":8},"end":{"line":45,"column":20}},"12":{"start":{"line":49,"column":4},"end":{"line":49,"column":61}},"13":{"start":{"line":61,"column":27},"end":{"line":66,"column":5}},"14":{"start":{"line":68,"column":4},"end":{"line":70,"column":5}},"15":{"start":{"line":69,"column":6},"end":{"line":69,"column":67}},"16":{"start":{"line":72,"column":27},"end":{"line":72,"column":74}},"17":{"start":{"line":74,"column":19},"end":{"line":92,"column":5}},"18":{"start":{"line":94,"column":17},"end":{"line":94,"column":31}},"19":{"start":{"line":96,"column":4},"end":{"line":96,"column":16}},"20":{"start":{"line":106,"column":19},"end":{"line":114,"column":5}},"21":{"start":{"line":116,"column":4},"end":{"line":116,"column":23}},"22":{"start":{"line":135,"column":19},"end":{"line":148,"column":5}},"23":{"start":{"line":150,"column":4},"end":{"line":157,"column":8}},"24":{"start":{"line":150,"column":36},"end":{"line":157,"column":5}},"25":{"start":{"line":156,"column":38},"end":{"line":156,"column":50}},"26":{"start":{"line":172,"column":21},"end":{"line":181,"column":5}},"27":{"start":{"line":183,"column":28},"end":{"line":183,"column":111}},"28":{"start":{"line":186,"column":20},"end":{"line":186,"column":37}},"29":{"start":{"line":187,"column":26},"end":{"line":187,"column":51}},"30":{"start":{"line":189,"column":15},"end":{"line":189,"column":30}},"31":{"start":{"line":191,"column":4},"end":{"line":191,"column":63}},"32":{"start":{"line":191,"column":15},"end":{"line":191,"column":63}},"33":{"start":{"line":194,"column":2},"end":{"line":194,"column":57}},"34":{"start":{"line":194,"column":46},"end":{"line":194,"column":55}},"35":{"start":{"line":196,"column":4},"end":{"line":196,"column":16}},"36":{"start":{"line":210,"column":17},"end":{"line":215,"column":5}},"37":{"start":{"line":216,"column":22},"end":{"line":216,"column":36}},"38":{"start":{"line":217,"column":4},"end":{"line":217,"column":22}},"39":{"start":{"line":238,"column":4},"end":{"line":240,"column":5}},"40":{"start":{"line":239,"column":6},"end":{"line":239,"column":75}},"41":{"start":{"line":242,"column":32},"end":{"line":248,"column":10}},"42":{"start":{"line":249,"column":27},"end":{"line":249,"column":52}},"43":{"start":{"line":251,"column":21},"end":{"line":258,"column":54}},"44":{"start":{"line":259,"column":19},"end":{"line":259,"column":66}},"45":{"start":{"line":260,"column":17},"end":{"line":260,"column":31}},"46":{"start":{"line":262,"column":4},"end":{"line":262,"column":63}},"47":{"start":{"line":262,"column":15},"end":{"line":262,"column":63}},"48":{"start":{"line":264,"column":4},"end":{"line":264,"column":25}},"49":{"start":{"line":265,"column":4},"end":{"line":265,"column":16}},"50":{"start":{"line":271,"column":17},"end":{"line":277,"column":5}},"51":{"start":{"line":278,"column":17},"end":{"line":278,"column":31}},"52":{"start":{"line":280,"column":4},"end":{"line":280,"column":63}},"53":{"start":{"line":280,"column":15},"end":{"line":280,"column":63}},"54":{"start":{"line":285,"column":0},"end":{"line":285,"column":22}}},"fnMap":{"0":{"name":"(anonymous_0)","decl":{"start":{"line":24,"column":2},"end":{"line":24,"column":3}},"loc":{"start":{"line":24,"column":48},"end":{"line":50,"column":3}},"line":24},"1":{"name":"(anonymous_1)","decl":{"start":{"line":59,"column":2},"end":{"line":59,"column":3}},"loc":{"start":{"line":60,"column":67},"end":{"line":97,"column":3}},"line":60},"2":{"name":"(anonymous_2)","decl":{"start":{"line":105,"column":2},"end":{"line":105,"column":3}},"loc":{"start":{"line":105,"column":25},"end":{"line":117,"column":3}},"line":105},"3":{"name":"(anonymous_3)","decl":{"start":{"line":134,"column":2},"end":{"line":134,"column":3}},"loc":{"start":{"line":134,"column":36},"end":{"line":158,"column":1}},"line":134},"4":{"name":"(anonymous_4)","decl":{"start":{"line":150,"column":27},"end":{"line":150,"column":28}},"loc":{"start":{"line":150,"column":36},"end":{"line":157,"column":5}},"line":150},"5":{"name":"(anonymous_5)","decl":{"start":{"line":156,"column":31},"end":{"line":156,"column":32}},"loc":{"start":{"line":156,"column":38},"end":{"line":156,"column":50}},"line":156},"6":{"name":"(anonymous_6)","decl":{"start":{"line":171,"column":2},"end":{"line":171,"column":3}},"loc":{"start":{"line":171,"column":29},"end":{"line":197,"column":3}},"line":171},"7":{"name":"(anonymous_7)","decl":{"start":{"line":194,"column":39},"end":{"line":194,"column":40}},"loc":{"start":{"line":194,"column":46},"end":{"line":194,"column":55}},"line":194},"8":{"name":"(anonymous_8)","decl":{"start":{"line":209,"column":2},"end":{"line":209,"column":3}},"loc":{"start":{"line":209,"column":41},"end":{"line":218,"column":3}},"line":209},"9":{"name":"(anonymous_9)","decl":{"start":{"line":237,"column":2},"end":{"line":237,"column":3}},"loc":{"start":{"line":237,"column":38},"end":{"line":266,"column":3}},"line":237},"10":{"name":"(anonymous_10)","decl":{"start":{"line":270,"column":2},"end":{"line":270,"column":3}},"loc":{"start":{"line":270,"column":32},"end":{"line":281,"column":3}},"line":270}},"branchMap":{"0":{"loc":{"start":{"line":40,"column":4},"end":{"line":47,"column":5}},"type":"if","locations":[{"start":{"line":40,"column":4},"end":{"line":47,"column":5}},{"start":{},"end":{}}],"line":40},"1":{"loc":{"start":{"line":43,"column":6},"end":{"line":46,"column":7}},"type":"if","locations":[{"start":{"line":43,"column":6},"end":{"line":46,"column":7}},{"start":{},"end":{}}],"line":43},"2":{"loc":{"start":{"line":68,"column":4},"end":{"line":70,"column":5}},"type":"if","locations":[{"start":{"line":68,"column":4},"end":{"line":70,"column":5}},{"start":{},"end":{}}],"line":68},"3":{"loc":{"start":{"line":191,"column":4},"end":{"line":191,"column":63}},"type":"if","locations":[{"start":{"line":191,"column":4},"end":{"line":191,"column":63}},{"start":{},"end":{}}],"line":191},"4":{"loc":{"start":{"line":238,"column":4},"end":{"line":240,"column":5}},"type":"if","locations":[{"start":{"line":238,"column":4},"end":{"line":240,"column":5}},{"start":{},"end":{}}],"line":238},"5":{"loc":{"start":{"line":262,"column":4},"end":{"line":262,"column":63}},"type":"if","locations":[{"start":{"line":262,"column":4},"end":{"line":262,"column":63}},{"start":{},"end":{}}],"line":262},"6":{"loc":{"start":{"line":280,"column":4},"end":{"line":280,"column":63}},"type":"if","locations":[{"start":{"line":280,"column":4},"end":{"line":280,"column":63}},{"start":{},"end":{}}],"line":280}},"s":{"0":1,"1":1,"2":1,"3":1,"4":1,"5":0,"6":0,"7":0,"8":0,"9":0,"10":0,"11":0,"12":0,"13":4,"14":4,"15":0,"16":4,"17":4,"18":4,"19":4,"20":0,"21":0,"22":0,"23":0,"24":0,"25":0,"26":0,"27":0,"28":0,"29":0,"30":0,"31":0,"32":0,"33":0,"34":0,"35":0,"36":2,"37":2,"38":2,"39":0,"40":0,"41":0,"42":0,"43":0,"44":0,"45":0,"46":0,"47":0,"48":0,"49":0,"50":0,"51":0,"52":0,"53":0,"54":1},"f":{"0":0,"1":4,"2":0,"3":0,"4":0,"5":0,"6":0,"7":0,"8":2,"9":0,"10":0},"b":{"0":[0,0],"1":[0,0],"2":[0,4],"3":[0,0],"4":[0,0],"5":[0,0],"6":[0,0]},"_coverageSchema":"1a1c01bbd47fc00a2c39e90264f33305004495a9","hash":"0bb2a4106e5edcb9d002b882b1ed14300c8d4b63"}
,"/home/mooks2022/Springboard/Express-jobly/routes/_testCommon.js": {"path":"/home/mooks2022/Springboard/Express-jobly/routes/_testCommon.js","statementMap":{"0":{"start":{"line":3,"column":11},"end":{"line":3,"column":30}},"1":{"start":{"line":4,"column":13},"end":{"line":4,"column":38}},"2":{"start":{"line":5,"column":16},"end":{"line":5,"column":44}},"3":{"start":{"line":6,"column":10},"end":{"line":6,"column":35}},"4":{"start":{"line":7,"column":24},"end":{"line":7,"column":52}},"5":{"start":{"line":13,"column":2},"end":{"line":13,"column":38}},"6":{"start":{"line":15,"column":2},"end":{"line":15,"column":42}},"7":{"start":{"line":17,"column":2},"end":{"line":17,"column":37}},"8":{"start":{"line":19,"column":2},"end":{"line":19,"column":62}},"9":{"start":{"line":21,"column":2},"end":{"line":28,"column":9}},"10":{"start":{"line":29,"column":2},"end":{"line":36,"column":9}},"11":{"start":{"line":37,"column":2},"end":{"line":44,"column":9}},"12":{"start":{"line":46,"column":2},"end":{"line":53,"column":5}},"13":{"start":{"line":54,"column":2},"end":{"line":61,"column":5}},"14":{"start":{"line":62,"column":2},"end":{"line":69,"column":5}},"15":{"start":{"line":72,"column":2},"end":{"line":79,"column":5}},"16":{"start":{"line":81,"column":2},"end":{"line":86,"column":4}},"17":{"start":{"line":87,"column":2},"end":{"line":92,"column":4}},"18":{"start":{"line":93,"column":2},"end":{"line":98,"column":4}},"19":{"start":{"line":100,"column":2},"end":{"line":100,"column":30}},"20":{"start":{"line":101,"column":2},"end":{"line":101,"column":30}},"21":{"start":{"line":106,"column":2},"end":{"line":106,"column":26}},"22":{"start":{"line":110,"column":2},"end":{"line":110,"column":29}},"23":{"start":{"line":114,"column":2},"end":{"line":114,"column":17}},"24":{"start":{"line":118,"column":16},"end":{"line":118,"column":63}},"25":{"start":{"line":119,"column":16},"end":{"line":119,"column":62}},"26":{"start":{"line":122,"column":0},"end":{"line":129,"column":2}}},"fnMap":{"0":{"name":"commonBeforeAll","decl":{"start":{"line":11,"column":15},"end":{"line":11,"column":30}},"loc":{"start":{"line":11,"column":33},"end":{"line":102,"column":1}},"line":11},"1":{"name":"commonBeforeEach","decl":{"start":{"line":105,"column":15},"end":{"line":105,"column":31}},"loc":{"start":{"line":105,"column":34},"end":{"line":107,"column":1}},"line":105},"2":{"name":"commonAfterEach","decl":{"start":{"line":109,"column":15},"end":{"line":109,"column":30}},"loc":{"start":{"line":109,"column":33},"end":{"line":111,"column":1}},"line":109},"3":{"name":"commonAfterAll","decl":{"start":{"line":113,"column":15},"end":{"line":113,"column":29}},"loc":{"start":{"line":113,"column":32},"end":{"line":115,"column":1}},"line":113}},"branchMap":{},"s":{"0":1,"1":1,"2":1,"3":1,"4":1,"5":1,"6":1,"7":1,"8":1,"9":1,"10":1,"11":1,"12":1,"13":1,"14":1,"15":1,"16":1,"17":1,"18":1,"19":1,"20":1,"21":19,"22":19,"23":1,"24":1,"25":1,"26":1},"f":{"0":1,"1":19,"2":19,"3":1},"b":{},"_coverageSchema":"1a1c01bbd47fc00a2c39e90264f33305004495a9","hash":"34298d7d3526fbd00f56fcbe5ea0e8456fd02129"}
,"/home/mooks2022/Springboard/Express-jobly/routes/auth.js": {"path":"/home/mooks2022/Springboard/Express-jobly/routes/auth.js","statementMap":{"0":{"start":{"line":5,"column":19},"end":{"line":5,"column":40}},"1":{"start":{"line":7,"column":13},"end":{"line":7,"column":38}},"2":{"start":{"line":8,"column":16},"end":{"line":8,"column":34}},"3":{"start":{"line":9,"column":15},"end":{"line":9,"column":35}},"4":{"start":{"line":10,"column":24},"end":{"line":10,"column":52}},"5":{"start":{"line":11,"column":23},"end":{"line":11,"column":58}},"6":{"start":{"line":12,"column":27},"end":{"line":12,"column":66}},"7":{"start":{"line":13,"column":28},"end":{"line":13,"column":54}},"8":{"start":{"line":22,"column":0},"end":{"line":37,"column":3}},"9":{"start":{"line":23,"column":2},"end":{"line":36,"column":3}},"10":{"start":{"line":24,"column":22},"end":{"line":24,"column":67}},"11":{"start":{"line":25,"column":4},"end":{"line":28,"column":5}},"12":{"start":{"line":26,"column":19},"end":{"line":26,"column":53}},"13":{"start":{"line":26,"column":45},"end":{"line":26,"column":52}},"14":{"start":{"line":27,"column":6},"end":{"line":27,"column":38}},"15":{"start":{"line":30,"column":35},"end":{"line":30,"column":43}},"16":{"start":{"line":31,"column":17},"end":{"line":31,"column":60}},"17":{"start":{"line":32,"column":18},"end":{"line":32,"column":35}},"18":{"start":{"line":33,"column":4},"end":{"line":33,"column":31}},"19":{"start":{"line":35,"column":4},"end":{"line":35,"column":21}},"20":{"start":{"line":49,"column":0},"end":{"line":64,"column":3}},"21":{"start":{"line":50,"column":2},"end":{"line":63,"column":3}},"22":{"start":{"line":51,"column":4},"end":{"line":51,"column":74}},"23":{"start":{"line":52,"column":22},"end":{"line":52,"column":71}},"24":{"start":{"line":53,"column":4},"end":{"line":56,"column":5}},"25":{"start":{"line":54,"column":19},"end":{"line":54,"column":53}},"26":{"start":{"line":54,"column":45},"end":{"line":54,"column":52}},"27":{"start":{"line":55,"column":6},"end":{"line":55,"column":38}},"28":{"start":{"line":58,"column":20},"end":{"line":58,"column":72}},"29":{"start":{"line":59,"column":18},"end":{"line":59,"column":38}},"30":{"start":{"line":60,"column":4},"end":{"line":60,"column":43}},"31":{"start":{"line":62,"column":4},"end":{"line":62,"column":21}},"32":{"start":{"line":67,"column":0},"end":{"line":67,"column":24}}},"fnMap":{"0":{"name":"(anonymous_0)","decl":{"start":{"line":22,"column":22},"end":{"line":22,"column":23}},"loc":{"start":{"line":22,"column":54},"end":{"line":37,"column":1}},"line":22},"1":{"name":"(anonymous_1)","decl":{"start":{"line":26,"column":40},"end":{"line":26,"column":41}},"loc":{"start":{"line":26,"column":45},"end":{"line":26,"column":52}},"line":26},"2":{"name":"(anonymous_2)","decl":{"start":{"line":49,"column":25},"end":{"line":49,"column":26}},"loc":{"start":{"line":49,"column":57},"end":{"line":64,"column":1}},"line":49},"3":{"name":"(anonymous_3)","decl":{"start":{"line":54,"column":40},"end":{"line":54,"column":41}},"loc":{"start":{"line":54,"column":45},"end":{"line":54,"column":52}},"line":54}},"branchMap":{"0":{"loc":{"start":{"line":25,"column":4},"end":{"line":28,"column":5}},"type":"if","locations":[{"start":{"line":25,"column":4},"end":{"line":28,"column":5}},{"start":{},"end":{}}],"line":25},"1":{"loc":{"start":{"line":53,"column":4},"end":{"line":56,"column":5}},"type":"if","locations":[{"start":{"line":53,"column":4},"end":{"line":56,"column":5}},{"start":{},"end":{}}],"line":53}},"s":{"0":1,"1":1,"2":1,"3":1,"4":1,"5":1,"6":1,"7":1,"8":1,"9":0,"10":0,"11":0,"12":0,"13":0,"14":0,"15":0,"16":0,"17":0,"18":0,"19":0,"20":1,"21":0,"22":0,"23":0,"24":0,"25":0,"26":0,"27":0,"28":0,"29":0,"30":0,"31":0,"32":1},"f":{"0":0,"1":0,"2":0,"3":0},"b":{"0":[0,0],"1":[0,0]},"_coverageSchema":"1a1c01bbd47fc00a2c39e90264f33305004495a9","hash":"972494f0d8b45abacf7464c6cacb1d288100ebb7"}
,"/home/mooks2022/Springboard/Express-jobly/routes/companies.js": {"path":"/home/mooks2022/Springboard/Express-jobly/routes/companies.js","statementMap":{"0":{"start":{"line":5,"column":19},"end":{"line":5,"column":40}},"1":{"start":{"line":6,"column":16},"end":{"line":6,"column":34}},"2":{"start":{"line":8,"column":28},"end":{"line":8,"column":54}},"3":{"start":{"line":9,"column":42},"end":{"line":9,"column":71}},"4":{"start":{"line":10,"column":16},"end":{"line":10,"column":44}},"5":{"start":{"line":12,"column":25},"end":{"line":12,"column":62}},"6":{"start":{"line":13,"column":27},"end":{"line":13,"column":66}},"7":{"start":{"line":14,"column":28},"end":{"line":14,"column":68}},"8":{"start":{"line":16,"column":15},"end":{"line":16,"column":35}},"9":{"start":{"line":28,"column":0},"end":{"line":41,"column":3}},"10":{"start":{"line":29,"column":2},"end":{"line":40,"column":3}},"11":{"start":{"line":30,"column":22},"end":{"line":30,"column":69}},"12":{"start":{"line":31,"column":4},"end":{"line":34,"column":5}},"13":{"start":{"line":32,"column":19},"end":{"line":32,"column":53}},"14":{"start":{"line":32,"column":45},"end":{"line":32,"column":52}},"15":{"start":{"line":33,"column":6},"end":{"line":33,"column":38}},"16":{"start":{"line":36,"column":20},"end":{"line":36,"column":50}},"17":{"start":{"line":37,"column":4},"end":{"line":37,"column":45}},"18":{"start":{"line":39,"column":4},"end":{"line":39,"column":21}},"19":{"start":{"line":55,"column":0},"end":{"line":76,"column":3}},"20":{"start":{"line":56,"column":2},"end":{"line":75,"column":3}},"21":{"start":{"line":57,"column":4},"end":{"line":57,"column":43}},"22":{"start":{"line":58,"column":4},"end":{"line":58,"column":77}},"23":{"start":{"line":59,"column":4},"end":{"line":72,"column":5}},"24":{"start":{"line":60,"column":20},"end":{"line":60,"column":61}},"25":{"start":{"line":61,"column":22},"end":{"line":61,"column":70}},"26":{"start":{"line":62,"column":6},"end":{"line":65,"column":7}},"27":{"start":{"line":63,"column":21},"end":{"line":63,"column":55}},"28":{"start":{"line":63,"column":47},"end":{"line":63,"column":54}},"29":{"start":{"line":64,"column":8},"end":{"line":64,"column":40}},"30":{"start":{"line":66,"column":22},"end":{"line":66,"column":70}},"31":{"start":{"line":67,"column":6},"end":{"line":67,"column":34}},"32":{"start":{"line":70,"column":22},"end":{"line":70,"column":45}},"33":{"start":{"line":71,"column":4},"end":{"line":71,"column":35}},"34":{"start":{"line":74,"column":4},"end":{"line":74,"column":21}},"35":{"start":{"line":94,"column":0},"end":{"line":116,"column":2}},"36":{"start":{"line":95,"column":2},"end":{"line":115,"column":3}},"37":{"start":{"line":96,"column":4},"end":{"line":96,"column":53}},"38":{"start":{"line":97,"column":4},"end":{"line":97,"column":91}},"39":{"start":{"line":98,"column":4},"end":{"line":111,"column":5}},"40":{"start":{"line":99,"column":20},"end":{"line":99,"column":61}},"41":{"start":{"line":100,"column":22},"end":{"line":100,"column":70}},"42":{"start":{"line":101,"column":6},"end":{"line":104,"column":7}},"43":{"start":{"line":102,"column":21},"end":{"line":102,"column":55}},"44":{"start":{"line":102,"column":47},"end":{"line":102,"column":54}},"45":{"start":{"line":103,"column":8},"end":{"line":103,"column":40}},"46":{"start":{"line":105,"column":23},"end":{"line":105,"column":69}},"47":{"start":{"line":106,"column":6},"end":{"line":106,"column":34}},"48":{"start":{"line":109,"column":24},"end":{"line":109,"column":47}},"49":{"start":{"line":110,"column":6},"end":{"line":110,"column":37}},"50":{"start":{"line":114,"column":4},"end":{"line":114,"column":21}},"51":{"start":{"line":126,"column":0},"end":{"line":133,"column":3}},"52":{"start":{"line":127,"column":2},"end":{"line":132,"column":3}},"53":{"start":{"line":128,"column":20},"end":{"line":128,"column":56}},"54":{"start":{"line":129,"column":4},"end":{"line":129,"column":33}},"55":{"start":{"line":131,"column":4},"end":{"line":131,"column":21}},"56":{"start":{"line":146,"column":0},"end":{"line":159,"column":3}},"57":{"start":{"line":147,"column":2},"end":{"line":158,"column":3}},"58":{"start":{"line":148,"column":22},"end":{"line":148,"column":72}},"59":{"start":{"line":149,"column":4},"end":{"line":152,"column":5}},"60":{"start":{"line":150,"column":19},"end":{"line":150,"column":53}},"61":{"start":{"line":150,"column":45},"end":{"line":150,"column":52}},"62":{"start":{"line":151,"column":6},"end":{"line":151,"column":38}},"63":{"start":{"line":154,"column":20},"end":{"line":154,"column":69}},"64":{"start":{"line":155,"column":4},"end":{"line":155,"column":33}},"65":{"start":{"line":157,"column":4},"end":{"line":157,"column":21}},"66":{"start":{"line":166,"column":0},"end":{"line":173,"column":3}},"67":{"start":{"line":167,"column":2},"end":{"line":172,"column":3}},"68":{"start":{"line":168,"column":4},"end":{"line":168,"column":44}},"69":{"start":{"line":169,"column":4},"end":{"line":169,"column":52}},"70":{"start":{"line":171,"column":4},"end":{"line":171,"column":21}},"71":{"start":{"line":176,"column":0},"end":{"line":176,"column":24}}},"fnMap":{"0":{"name":"(anonymous_0)","decl":{"start":{"line":28,"column":49},"end":{"line":28,"column":50}},"loc":{"start":{"line":28,"column":81},"end":{"line":41,"column":1}},"line":28},"1":{"name":"(anonymous_1)","decl":{"start":{"line":32,"column":40},"end":{"line":32,"column":41}},"loc":{"start":{"line":32,"column":45},"end":{"line":32,"column":52}},"line":32},"2":{"name":"(anonymous_2)","decl":{"start":{"line":55,"column":16},"end":{"line":55,"column":17}},"loc":{"start":{"line":55,"column":48},"end":{"line":76,"column":1}},"line":55},"3":{"name":"(anonymous_3)","decl":{"start":{"line":63,"column":42},"end":{"line":63,"column":43}},"loc":{"start":{"line":63,"column":47},"end":{"line":63,"column":54}},"line":63},"4":{"name":"(anonymous_4)","decl":{"start":{"line":94,"column":28},"end":{"line":94,"column":29}},"loc":{"start":{"line":94,"column":59},"end":{"line":116,"column":1}},"line":94},"5":{"name":"(anonymous_5)","decl":{"start":{"line":102,"column":42},"end":{"line":102,"column":43}},"loc":{"start":{"line":102,"column":47},"end":{"line":102,"column":54}},"line":102},"6":{"name":"(anonymous_6)","decl":{"start":{"line":126,"column":23},"end":{"line":126,"column":24}},"loc":{"start":{"line":126,"column":55},"end":{"line":133,"column":1}},"line":126},"7":{"name":"(anonymous_7)","decl":{"start":{"line":146,"column":56},"end":{"line":146,"column":57}},"loc":{"start":{"line":146,"column":88},"end":{"line":159,"column":1}},"line":146},"8":{"name":"(anonymous_8)","decl":{"start":{"line":150,"column":40},"end":{"line":150,"column":41}},"loc":{"start":{"line":150,"column":45},"end":{"line":150,"column":52}},"line":150},"9":{"name":"(anonymous_9)","decl":{"start":{"line":166,"column":57},"end":{"line":166,"column":58}},"loc":{"start":{"line":166,"column":89},"end":{"line":173,"column":1}},"line":166}},"branchMap":{"0":{"loc":{"start":{"line":31,"column":4},"end":{"line":34,"column":5}},"type":"if","locations":[{"start":{"line":31,"column":4},"end":{"line":34,"column":5}},{"start":{},"end":{}}],"line":31},"1":{"loc":{"start":{"line":59,"column":4},"end":{"line":72,"column":5}},"type":"if","locations":[{"start":{"line":59,"column":4},"end":{"line":72,"column":5}},{"start":{"line":69,"column":8},"end":{"line":72,"column":5}}],"line":59},"2":{"loc":{"start":{"line":62,"column":6},"end":{"line":65,"column":7}},"type":"if","locations":[{"start":{"line":62,"column":6},"end":{"line":65,"column":7}},{"start":{},"end":{}}],"line":62},"3":{"loc":{"start":{"line":98,"column":4},"end":{"line":111,"column":5}},"type":"if","locations":[{"start":{"line":98,"column":4},"end":{"line":111,"column":5}},{"start":{"line":108,"column":8},"end":{"line":111,"column":5}}],"line":98},"4":{"loc":{"start":{"line":101,"column":6},"end":{"line":104,"column":7}},"type":"if","locations":[{"start":{"line":101,"column":6},"end":{"line":104,"column":7}},{"start":{},"end":{}}],"line":101},"5":{"loc":{"start":{"line":149,"column":4},"end":{"line":152,"column":5}},"type":"if","locations":[{"start":{"line":149,"column":4},"end":{"line":152,"column":5}},{"start":{},"end":{}}],"line":149}},"s":{"0":1,"1":1,"2":1,"3":1,"4":1,"5":1,"6":1,"7":1,"8":1,"9":1,"10":3,"11":3,"12":3,"13":2,"14":3,"15":2,"16":1,"17":1,"18":2,"19":1,"20":2,"21":2,"22":2,"23":2,"24":0,"25":0,"26":0,"27":0,"28":0,"29":0,"30":0,"31":0,"32":2,"33":1,"34":1,"35":1,"36":0,"37":0,"38":0,"39":0,"40":0,"41":0,"42":0,"43":0,"44":0,"45":0,"46":0,"47":0,"48":0,"49":0,"50":0,"51":1,"52":3,"53":3,"54":2,"55":1,"56":1,"57":4,"58":4,"59":4,"60":2,"61":2,"62":2,"63":2,"64":1,"65":3,"66":1,"67":2,"68":2,"69":1,"70":1,"71":1},"f":{"0":3,"1":3,"2":2,"3":0,"4":0,"5":0,"6":3,"7":4,"8":2,"9":2},"b":{"0":[2,1],"1":[0,2],"2":[0,0],"3":[0,0],"4":[0,0],"5":[2,2]},"_coverageSchema":"1a1c01bbd47fc00a2c39e90264f33305004495a9","hash":"7668fb031b4e7873a9fc9363bc014d7b447301cd"}
,"/home/mooks2022/Springboard/Express-jobly/routes/jobs.js": {"path":"/home/mooks2022/Springboard/Express-jobly/routes/jobs.js","statementMap":{"0":{"start":{"line":5,"column":19},"end":{"line":5,"column":40}},"1":{"start":{"line":6,"column":16},"end":{"line":6,"column":34}},"2":{"start":{"line":8,"column":28},"end":{"line":8,"column":54}},"3":{"start":{"line":9,"column":42},"end":{"line":9,"column":71}},"4":{"start":{"line":10,"column":12},"end":{"line":10,"column":37}},"5":{"start":{"line":12,"column":21},"end":{"line":12,"column":54}},"6":{"start":{"line":13,"column":22},"end":{"line":13,"column":58}},"7":{"start":{"line":14,"column":21},"end":{"line":14,"column":56}},"8":{"start":{"line":15,"column":30},"end":{"line":15,"column":53}},"9":{"start":{"line":19,"column":15},"end":{"line":19,"column":35}},"10":{"start":{"line":28,"column":0},"end":{"line":52,"column":2}},"11":{"start":{"line":29,"column":4},"end":{"line":51,"column":5}},"12":{"start":{"line":30,"column":8},"end":{"line":30,"column":42}},"13":{"start":{"line":31,"column":8},"end":{"line":31,"column":76}},"14":{"start":{"line":32,"column":8},"end":{"line":46,"column":9}},"15":{"start":{"line":33,"column":24},"end":{"line":33,"column":57}},"16":{"start":{"line":34,"column":26},"end":{"line":34,"column":70}},"17":{"start":{"line":35,"column":10},"end":{"line":38,"column":11}},"18":{"start":{"line":36,"column":23},"end":{"line":36,"column":57}},"19":{"start":{"line":36,"column":49},"end":{"line":36,"column":56}},"20":{"start":{"line":37,"column":12},"end":{"line":37,"column":44}},"21":{"start":{"line":39,"column":21},"end":{"line":39,"column":67}},"22":{"start":{"line":40,"column":10},"end":{"line":40,"column":33}},"23":{"start":{"line":43,"column":21},"end":{"line":43,"column":60}},"24":{"start":{"line":44,"column":10},"end":{"line":44,"column":33}},"25":{"start":{"line":49,"column":8},"end":{"line":49,"column":24}},"26":{"start":{"line":60,"column":0},"end":{"line":67,"column":5}},"27":{"start":{"line":61,"column":4},"end":{"line":66,"column":5}},"28":{"start":{"line":62,"column":18},"end":{"line":62,"column":50}},"29":{"start":{"line":63,"column":6},"end":{"line":63,"column":31}},"30":{"start":{"line":65,"column":6},"end":{"line":65,"column":23}},"31":{"start":{"line":78,"column":0},"end":{"line":85,"column":5}},"32":{"start":{"line":79,"column":4},"end":{"line":84,"column":5}},"33":{"start":{"line":80,"column":19},"end":{"line":80,"column":57}},"34":{"start":{"line":81,"column":6},"end":{"line":81,"column":32}},"35":{"start":{"line":83,"column":6},"end":{"line":83,"column":23}},"36":{"start":{"line":97,"column":0},"end":{"line":110,"column":2}},"37":{"start":{"line":98,"column":4},"end":{"line":109,"column":5}},"38":{"start":{"line":99,"column":24},"end":{"line":99,"column":66}},"39":{"start":{"line":100,"column":8},"end":{"line":103,"column":9}},"40":{"start":{"line":101,"column":23},"end":{"line":101,"column":57}},"41":{"start":{"line":101,"column":49},"end":{"line":101,"column":56}},"42":{"start":{"line":102,"column":12},"end":{"line":102,"column":44}},"43":{"start":{"line":104,"column":19},"end":{"line":104,"column":45}},"44":{"start":{"line":105,"column":8},"end":{"line":105,"column":43}},"45":{"start":{"line":108,"column":8},"end":{"line":108,"column":25}},"46":{"start":{"line":117,"column":0},"end":{"line":126,"column":2}},"47":{"start":{"line":118,"column":4},"end":{"line":125,"column":5}},"48":{"start":{"line":119,"column":18},"end":{"line":119,"column":49}},"49":{"start":{"line":120,"column":8},"end":{"line":120,"column":39}},"50":{"start":{"line":123,"column":8},"end":{"line":123,"column":25}},"51":{"start":{"line":137,"column":0},"end":{"line":150,"column":2}},"52":{"start":{"line":138,"column":2},"end":{"line":149,"column":3}},"53":{"start":{"line":139,"column":20},"end":{"line":139,"column":66}},"54":{"start":{"line":140,"column":4},"end":{"line":143,"column":5}},"55":{"start":{"line":141,"column":17},"end":{"line":141,"column":51}},"56":{"start":{"line":141,"column":43},"end":{"line":141,"column":50}},"57":{"start":{"line":142,"column":6},"end":{"line":142,"column":38}},"58":{"start":{"line":144,"column":15},"end":{"line":144,"column":56}},"59":{"start":{"line":145,"column":4},"end":{"line":145,"column":26}},"60":{"start":{"line":148,"column":4},"end":{"line":148,"column":20}},"61":{"start":{"line":152,"column":0},"end":{"line":152,"column":24}}},"fnMap":{"0":{"name":"(anonymous_0)","decl":{"start":{"line":28,"column":16},"end":{"line":28,"column":17}},"loc":{"start":{"line":28,"column":44},"end":{"line":52,"column":1}},"line":28},"1":{"name":"(anonymous_1)","decl":{"start":{"line":36,"column":44},"end":{"line":36,"column":45}},"loc":{"start":{"line":36,"column":49},"end":{"line":36,"column":56}},"line":36},"2":{"name":"(anonymous_2)","decl":{"start":{"line":60,"column":19},"end":{"line":60,"column":20}},"loc":{"start":{"line":60,"column":51},"end":{"line":67,"column":3}},"line":60},"3":{"name":"(anonymous_3)","decl":{"start":{"line":78,"column":28},"end":{"line":78,"column":29}},"loc":{"start":{"line":78,"column":60},"end":{"line":85,"column":3}},"line":78},"4":{"name":"(anonymous_4)","decl":{"start":{"line":97,"column":48},"end":{"line":97,"column":49}},"loc":{"start":{"line":97,"column":76},"end":{"line":110,"column":1}},"line":97},"5":{"name":"(anonymous_5)","decl":{"start":{"line":101,"column":44},"end":{"line":101,"column":45}},"loc":{"start":{"line":101,"column":49},"end":{"line":101,"column":56}},"line":101},"6":{"name":"(anonymous_6)","decl":{"start":{"line":117,"column":53},"end":{"line":117,"column":54}},"loc":{"start":{"line":117,"column":82},"end":{"line":126,"column":1}},"line":117},"7":{"name":"(anonymous_7)","decl":{"start":{"line":137,"column":52},"end":{"line":137,"column":53}},"loc":{"start":{"line":137,"column":81},"end":{"line":150,"column":1}},"line":137},"8":{"name":"(anonymous_8)","decl":{"start":{"line":141,"column":38},"end":{"line":141,"column":39}},"loc":{"start":{"line":141,"column":43},"end":{"line":141,"column":50}},"line":141}},"branchMap":{"0":{"loc":{"start":{"line":32,"column":8},"end":{"line":46,"column":9}},"type":"if","locations":[{"start":{"line":32,"column":8},"end":{"line":46,"column":9}},{"start":{"line":42,"column":12},"end":{"line":46,"column":9}}],"line":32},"1":{"loc":{"start":{"line":35,"column":10},"end":{"line":38,"column":11}},"type":"if","locations":[{"start":{"line":35,"column":10},"end":{"line":38,"column":11}},{"start":{},"end":{}}],"line":35},"2":{"loc":{"start":{"line":100,"column":8},"end":{"line":103,"column":9}},"type":"if","locations":[{"start":{"line":100,"column":8},"end":{"line":103,"column":9}},{"start":{},"end":{}}],"line":100},"3":{"loc":{"start":{"line":140,"column":4},"end":{"line":143,"column":5}},"type":"if","locations":[{"start":{"line":140,"column":4},"end":{"line":143,"column":5}},{"start":{},"end":{}}],"line":140}},"s":{"0":1,"1":1,"2":1,"3":1,"4":1,"5":1,"6":1,"7":1,"8":1,"9":1,"10":1,"11":0,"12":0,"13":0,"14":0,"15":0,"16":0,"17":0,"18":0,"19":0,"20":0,"21":0,"22":0,"23":0,"24":0,"25":0,"26":1,"27":0,"28":0,"29":0,"30":0,"31":1,"32":0,"33":0,"34":0,"35":0,"36":1,"37":0,"38":0,"39":0,"40":0,"41":0,"42":0,"43":0,"44":0,"45":0,"46":1,"47":0,"48":0,"49":0,"50":0,"51":1,"52":0,"53":0,"54":0,"55":0,"56":0,"57":0,"58":0,"59":0,"60":0,"61":1},"f":{"0":0,"1":0,"2":0,"3":0,"4":0,"5":0,"6":0,"7":0,"8":0},"b":{"0":[0,0],"1":[0,0],"2":[0,0],"3":[0,0]},"_coverageSchema":"1a1c01bbd47fc00a2c39e90264f33305004495a9","hash":"fc6b26e1c95f1321c9c987872e9ad2b0ae96388c"}
,"/home/mooks2022/Springboard/Express-jobly/routes/users.js": {"path":"/home/mooks2022/Springboard/Express-jobly/routes/users.js","statementMap":{"0":{"start":{"line":5,"column":19},"end":{"line":5,"column":40}},"1":{"start":{"line":7,"column":16},"end":{"line":7,"column":34}},"2":{"start":{"line":8,"column":63},"end":{"line":8,"column":92}},"3":{"start":{"line":9,"column":42},"end":{"line":9,"column":68}},"4":{"start":{"line":10,"column":13},"end":{"line":10,"column":38}},"5":{"start":{"line":11,"column":24},"end":{"line":11,"column":52}},"6":{"start":{"line":12,"column":22},"end":{"line":12,"column":56}},"7":{"start":{"line":13,"column":25},"end":{"line":13,"column":62}},"8":{"start":{"line":14,"column":27},"end":{"line":14,"column":72}},"9":{"start":{"line":16,"column":15},"end":{"line":16,"column":31}},"10":{"start":{"line":31,"column":0},"end":{"line":45,"column":3}},"11":{"start":{"line":32,"column":2},"end":{"line":44,"column":3}},"12":{"start":{"line":33,"column":22},"end":{"line":33,"column":66}},"13":{"start":{"line":34,"column":4},"end":{"line":37,"column":5}},"14":{"start":{"line":35,"column":19},"end":{"line":35,"column":53}},"15":{"start":{"line":35,"column":45},"end":{"line":35,"column":52}},"16":{"start":{"line":36,"column":6},"end":{"line":36,"column":38}},"17":{"start":{"line":39,"column":17},"end":{"line":39,"column":46}},"18":{"start":{"line":40,"column":18},"end":{"line":40,"column":35}},"19":{"start":{"line":41,"column":4},"end":{"line":41,"column":49}},"20":{"start":{"line":43,"column":4},"end":{"line":43,"column":21}},"21":{"start":{"line":55,"column":0},"end":{"line":89,"column":2}},"22":{"start":{"line":56,"column":2},"end":{"line":88,"column":3}},"23":{"start":{"line":57,"column":4},"end":{"line":57,"column":73}},"24":{"start":{"line":58,"column":4},"end":{"line":58,"column":74}},"25":{"start":{"line":59,"column":20},"end":{"line":59,"column":73}},"26":{"start":{"line":60,"column":4},"end":{"line":63,"column":5}},"27":{"start":{"line":61,"column":19},"end":{"line":61,"column":53}},"28":{"start":{"line":61,"column":45},"end":{"line":61,"column":52}},"29":{"start":{"line":62,"column":6},"end":{"line":62,"column":38}},"30":{"start":{"line":64,"column":22},"end":{"line":64,"column":77}},"31":{"start":{"line":66,"column":4},"end":{"line":66,"column":66}},"32":{"start":{"line":75,"column":4},"end":{"line":75,"column":45}},"33":{"start":{"line":77,"column":4},"end":{"line":86,"column":5}},"34":{"start":{"line":79,"column":6},"end":{"line":81,"column":7}},"35":{"start":{"line":80,"column":8},"end":{"line":80,"column":122}},"36":{"start":{"line":83,"column":6},"end":{"line":85,"column":7}},"37":{"start":{"line":84,"column":8},"end":{"line":84,"column":120}},"38":{"start":{"line":87,"column":4},"end":{"line":87,"column":21}},"39":{"start":{"line":99,"column":0},"end":{"line":106,"column":3}},"40":{"start":{"line":100,"column":2},"end":{"line":105,"column":3}},"41":{"start":{"line":101,"column":18},"end":{"line":101,"column":49}},"42":{"start":{"line":102,"column":4},"end":{"line":102,"column":31}},"43":{"start":{"line":104,"column":4},"end":{"line":104,"column":21}},"44":{"start":{"line":116,"column":0},"end":{"line":123,"column":3}},"45":{"start":{"line":117,"column":2},"end":{"line":122,"column":3}},"46":{"start":{"line":118,"column":17},"end":{"line":118,"column":52}},"47":{"start":{"line":119,"column":4},"end":{"line":119,"column":30}},"48":{"start":{"line":121,"column":4},"end":{"line":121,"column":21}},"49":{"start":{"line":136,"column":0},"end":{"line":149,"column":3}},"50":{"start":{"line":137,"column":2},"end":{"line":148,"column":3}},"51":{"start":{"line":138,"column":22},"end":{"line":138,"column":69}},"52":{"start":{"line":139,"column":4},"end":{"line":142,"column":5}},"53":{"start":{"line":140,"column":19},"end":{"line":140,"column":53}},"54":{"start":{"line":140,"column":45},"end":{"line":140,"column":52}},"55":{"start":{"line":141,"column":6},"end":{"line":141,"column":38}},"56":{"start":{"line":144,"column":17},"end":{"line":144,"column":65}},"57":{"start":{"line":145,"column":4},"end":{"line":145,"column":30}},"58":{"start":{"line":147,"column":4},"end":{"line":147,"column":21}},"59":{"start":{"line":157,"column":0},"end":{"line":164,"column":3}},"60":{"start":{"line":158,"column":2},"end":{"line":163,"column":3}},"61":{"start":{"line":159,"column":4},"end":{"line":159,"column":43}},"62":{"start":{"line":160,"column":4},"end":{"line":160,"column":54}},"63":{"start":{"line":162,"column":4},"end":{"line":162,"column":21}},"64":{"start":{"line":167,"column":0},"end":{"line":167,"column":24}}},"fnMap":{"0":{"name":"(anonymous_0)","decl":{"start":{"line":31,"column":48},"end":{"line":31,"column":49}},"loc":{"start":{"line":31,"column":80},"end":{"line":45,"column":1}},"line":31},"1":{"name":"(anonymous_1)","decl":{"start":{"line":35,"column":40},"end":{"line":35,"column":41}},"loc":{"start":{"line":35,"column":45},"end":{"line":35,"column":52}},"line":35},"2":{"name":"(anonymous_2)","decl":{"start":{"line":55,"column":71},"end":{"line":55,"column":72}},"loc":{"start":{"line":55,"column":99},"end":{"line":89,"column":1}},"line":55},"3":{"name":"(anonymous_3)","decl":{"start":{"line":61,"column":40},"end":{"line":61,"column":41}},"loc":{"start":{"line":61,"column":45},"end":{"line":61,"column":52}},"line":61},"4":{"name":"(anonymous_4)","decl":{"start":{"line":99,"column":47},"end":{"line":99,"column":48}},"loc":{"start":{"line":99,"column":79},"end":{"line":106,"column":1}},"line":99},"5":{"name":"(anonymous_5)","decl":{"start":{"line":116,"column":62},"end":{"line":116,"column":63}},"loc":{"start":{"line":116,"column":94},"end":{"line":123,"column":1}},"line":116},"6":{"name":"(anonymous_6)","decl":{"start":{"line":136,"column":64},"end":{"line":136,"column":65}},"loc":{"start":{"line":136,"column":96},"end":{"line":149,"column":1}},"line":136},"7":{"name":"(anonymous_7)","decl":{"start":{"line":140,"column":40},"end":{"line":140,"column":41}},"loc":{"start":{"line":140,"column":45},"end":{"line":140,"column":52}},"line":140},"8":{"name":"(anonymous_8)","decl":{"start":{"line":157,"column":65},"end":{"line":157,"column":66}},"loc":{"start":{"line":157,"column":97},"end":{"line":164,"column":1}},"line":157}},"branchMap":{"0":{"loc":{"start":{"line":34,"column":4},"end":{"line":37,"column":5}},"type":"if","locations":[{"start":{"line":34,"column":4},"end":{"line":37,"column":5}},{"start":{},"end":{}}],"line":34},"1":{"loc":{"start":{"line":60,"column":4},"end":{"line":63,"column":5}},"type":"if","locations":[{"start":{"line":60,"column":4},"end":{"line":63,"column":5}},{"start":{},"end":{}}],"line":60},"2":{"loc":{"start":{"line":77,"column":4},"end":{"line":86,"column":5}},"type":"if","locations":[{"start":{"line":77,"column":4},"end":{"line":86,"column":5}},{"start":{},"end":{}}],"line":77},"3":{"loc":{"start":{"line":79,"column":6},"end":{"line":81,"column":7}},"type":"if","locations":[{"start":{"line":79,"column":6},"end":{"line":81,"column":7}},{"start":{},"end":{}}],"line":79},"4":{"loc":{"start":{"line":83,"column":6},"end":{"line":85,"column":7}},"type":"if","locations":[{"start":{"line":83,"column":6},"end":{"line":85,"column":7}},{"start":{},"end":{}}],"line":83},"5":{"loc":{"start":{"line":139,"column":4},"end":{"line":142,"column":5}},"type":"if","locations":[{"start":{"line":139,"column":4},"end":{"line":142,"column":5}},{"start":{},"end":{}}],"line":139}},"s":{"0":1,"1":1,"2":1,"3":1,"4":1,"5":1,"6":1,"7":1,"8":1,"9":1,"10":1,"11":0,"12":0,"13":0,"14":0,"15":0,"16":0,"17":0,"18":0,"19":0,"20":0,"21":1,"22":0,"23":0,"24":0,"25":0,"26":0,"27":0,"28":0,"29":0,"30":0,"31":0,"32":0,"33":0,"34":0,"35":0,"36":0,"37":0,"38":0,"39":1,"40":0,"41":0,"42":0,"43":0,"44":1,"45":0,"46":0,"47":0,"48":0,"49":1,"50":0,"51":0,"52":0,"53":0,"54":0,"55":0,"56":0,"57":0,"58":0,"59":1,"60":0,"61":0,"62":0,"63":0,"64":1},"f":{"0":0,"1":0,"2":0,"3":0,"4":0,"5":0,"6":0,"7":0,"8":0},"b":{"0":[0,0],"1":[0,0],"2":[0,0],"3":[0,0],"4":[0,0],"5":[0,0]},"_coverageSchema":"1a1c01bbd47fc00a2c39e90264f33305004495a9","hash":"55e0fe79da1c3f2f73d09d3f76e4cc33d064d4e5"}
}
