TN:
SF:app.js
FN:32,(anonymous_0)
FN:37,(anonymous_1)
FNF:2
FNH:1
FNDA:0,(anonymous_0)
FNDA:13,(anonymous_1)
DA:5,1
DA:6,1
DA:8,1
DA:10,1
DA:11,1
DA:12,1
DA:13,1
DA:14,1
DA:16,1
DA:18,1
DA:20,1
DA:21,1
DA:22,1
DA:23,1
DA:25,1
DA:26,1
DA:27,1
DA:28,1
DA:32,1
DA:33,0
DA:37,1
DA:38,13
DA:39,13
DA:40,13
DA:42,13
DA:47,1
LF:26
LH:25
BRDA:38,0,0,0
BRDA:38,0,1,13
BRDA:39,1,0,13
BRDA:39,1,1,1
BRF:4
BRH:3
end_of_record
TN:
SF:config.js
FN:13,getDatabaseUri
FNF:1
FNH:1
FNDA:2,getDatabaseUri
DA:5,1
DA:6,1
DA:8,1
DA:10,1
DA:14,2
DA:22,1
DA:24,1
DA:25,1
DA:26,1
DA:27,1
DA:28,1
DA:29,1
DA:31,1
LF:13
LH:13
BRDA:8,0,0,1
BRDA:8,0,1,1
BRDA:10,1,0,1
BRDA:10,1,1,1
BRDA:14,2,0,2
BRDA:14,2,1,0
BRDA:16,3,0,0
BRDA:16,3,1,0
BRDA:22,4,0,1
BRDA:22,4,1,0
BRF:10
BRH:6
end_of_record
TN:
SF:db.js
FNF:0
FNH:0
DA:3,1
DA:4,1
DA:8,1
DA:9,0
DA:16,1
DA:21,1
DA:23,1
LF:7
LH:6
BRDA:8,0,0,0
BRDA:8,0,1,1
BRF:2
BRH:1
end_of_record
TN:
SF:expressError.js
FN:8,(anonymous_0)
FN:18,(anonymous_1)
FN:26,(anonymous_2)
FN:34,(anonymous_3)
FN:42,(anonymous_4)
FNF:5
FNH:5
FNDA:12,(anonymous_0)
FNDA:3,(anonymous_1)
FNDA:2,(anonymous_2)
FNDA:4,(anonymous_3)
FNDA:3,(anonymous_4)
DA:9,12
DA:10,12
DA:11,12
DA:19,3
DA:27,2
DA:35,4
DA:43,3
DA:47,1
LF:8
LH:8
BRDA:18,0,0,0
BRDA:26,1,0,2
BRDA:34,2,0,0
BRDA:42,3,0,3
BRF:4
BRH:2
end_of_record
TN:
SF:helpers/sql.js
FN:5,sqlForPartialUpdate
FN:14,(anonymous_1)
FNF:2
FNH:2
FNDA:2,sqlForPartialUpdate
FNDA:2,(anonymous_1)
DA:1,1
DA:9,2
DA:10,2
DA:14,2
DA:15,2
DA:19,2
DA:24,2
DA:27,1
LF:8
LH:8
BRDA:10,0,0,0
BRDA:10,0,1,2
BRDA:15,1,0,2
BRDA:15,1,1,2
BRF:4
BRH:3
end_of_record
TN:
SF:helpers/tokens.js
FN:6,createToken
FNF:1
FNH:1
FNDA:2,createToken
DA:1,1
DA:2,1
DA:7,2
DA:10,2
DA:15,2
DA:18,1
LF:6
LH:6
BRDA:12,0,0,2
BRDA:12,0,1,1
BRF:2
BRH:2
end_of_record
TN:
SF:middleware/auth.js
FN:19,authenticateJWT
FN:42,ensureLoggedIn
FN:58,ensureIsAdmin
FN:76,ensureIsAdminOrUser
FNF:4
FNH:3
FNDA:19,authenticateJWT
FNDA:14,ensureLoggedIn
FNDA:12,ensureIsAdmin
FNDA:0,ensureIsAdminOrUser
DA:5,1
DA:6,1
DA:7,1
DA:20,19
DA:21,19
DA:22,19
DA:23,19
DA:24,19
DA:25,19
DA:26,19
DA:27,13
DA:28,13
DA:29,13
DA:31,19
DA:33,0
DA:43,14
DA:44,14
DA:45,14
DA:46,12
DA:47,12
DA:49,2
DA:59,12
DA:60,12
DA:61,12
DA:62,12
DA:63,9
DA:64,9
DA:67,3
DA:77,0
DA:78,0
DA:79,0
DA:80,0
DA:81,0
DA:83,0
DA:84,0
DA:86,0
DA:89,0
DA:93,0
DA:99,1
LF:39
LH:28
BRDA:24,0,0,19
BRDA:24,0,1,19
BRDA:26,1,0,13
BRDA:26,1,1,6
BRDA:45,2,0,2
BRDA:45,2,1,12
BRDA:62,3,0,3
BRDA:62,3,1,9
BRDA:79,4,0,0
BRDA:79,4,1,0
BRDA:79,5,0,0
BRDA:79,5,1,0
BRDA:80,6,0,0
BRDA:80,6,1,0
BRDA:83,7,0,0
BRDA:83,7,1,0
BRF:16
BRH:8
end_of_record
TN:
SF:models/company.js
FN:19,(anonymous_0)
FN:52,(anonymous_1)
FN:70,(anonymous_2)
FN:135,(anonymous_3)
FN:186,(anonymous_4)
FN:229,(anonymous_5)
FN:252,(anonymous_6)
FN:268,(anonymous_7)
FN:285,(anonymous_8)
FN:301,(anonymous_9)
FN:321,(anonymous_10)
FN:341,(anonymous_11)
FN:358,(anonymous_12)
FN:379,(anonymous_13)
FN:421,(anonymous_14)
FN:451,(anonymous_15)
FNF:16
FNH:5
FNDA:4,(anonymous_0)
FNDA:2,(anonymous_1)
FNDA:0,(anonymous_2)
FNDA:0,(anonymous_3)
FNDA:0,(anonymous_4)
FNDA:0,(anonymous_5)
FNDA:0,(anonymous_6)
FNDA:0,(anonymous_7)
FNDA:0,(anonymous_8)
FNDA:0,(anonymous_9)
FNDA:0,(anonymous_10)
FNDA:0,(anonymous_11)
FNDA:0,(anonymous_12)
FNDA:3,(anonymous_13)
FNDA:2,(anonymous_14)
FNDA:2,(anonymous_15)
DA:3,1
DA:4,1
DA:5,1
DA:20,4
DA:26,4
DA:27,0
DA:29,4
DA:42,4
DA:44,4
DA:53,2
DA:61,1
DA:71,0
DA:72,0
DA:73,0
DA:74,0
DA:76,0
DA:87,0
DA:89,0
DA:92,0
DA:93,0
DA:94,0
DA:95,0
DA:99,0
DA:102,0
DA:103,0
DA:104,0
DA:106,0
DA:107,0
DA:108,0
DA:111,0
DA:112,0
DA:113,0
DA:114,0
DA:117,0
DA:118,0
DA:120,0
DA:121,0
DA:123,0
DA:136,0
DA:137,0
DA:139,0
DA:140,0
DA:143,0
DA:144,0
DA:145,0
DA:148,0
DA:149,0
DA:150,0
DA:151,0
DA:155,0
DA:156,0
DA:157,0
DA:158,0
DA:162,0
DA:163,0
DA:164,0
DA:165,0
DA:169,0
DA:171,0
DA:172,0
DA:174,0
DA:175,0
DA:176,0
DA:179,0
DA:187,0
DA:188,0
DA:189,0
DA:190,0
DA:191,0
DA:193,0
DA:194,0
DA:195,0
DA:196,0
DA:197,0
DA:199,0
DA:200,0
DA:201,0
DA:202,0
DA:204,0
DA:205,0
DA:206,0
DA:207,0
DA:210,0
DA:211,0
DA:212,0
DA:213,0
DA:214,0
DA:216,0
DA:217,0
DA:218,0
DA:219,0
DA:221,0
DA:222,0
DA:223,0
DA:224,0
DA:230,0
DA:231,0
DA:232,0
DA:233,0
DA:235,0
DA:236,0
DA:238,0
DA:239,0
DA:241,0
DA:242,0
DA:243,0
DA:244,0
DA:253,0
DA:254,0
DA:255,0
DA:257,0
DA:258,0
DA:259,0
DA:261,0
DA:269,0
DA:270,0
DA:271,0
DA:273,0
DA:274,0
DA:276,0
DA:286,0
DA:287,0
DA:288,0
DA:290,0
DA:291,0
DA:293,0
DA:302,0
DA:303,0
DA:305,0
DA:306,0
DA:308,0
DA:310,0
DA:311,0
DA:314,0
DA:322,0
DA:323,0
DA:325,0
DA:326,0
DA:328,0
DA:330,0
DA:331,0
DA:334,0
DA:342,0
DA:343,0
DA:345,0
DA:347,0
DA:348,0
DA:351,0
DA:359,0
DA:360,0
DA:362,0
DA:364,0
DA:365,0
DA:368,0
DA:380,3
DA:392,3
DA:396,3
DA:397,3
DA:399,3
DA:400,3
DA:402,2
DA:406,2
DA:422,2
DA:428,2
DA:430,2
DA:438,2
DA:439,2
DA:441,2
DA:443,1
DA:452,2
DA:458,2
DA:460,2
DA:465,1
LF:173
LH:29
BRDA:26,0,0,0
BRDA:26,0,1,4
BRDA:70,1,0,0
BRDA:70,2,0,0
BRDA:70,3,0,0
BRDA:70,4,0,0
BRDA:73,5,0,0
BRDA:73,5,1,0
BRDA:92,6,0,0
BRDA:92,6,1,0
BRDA:120,7,0,0
BRDA:120,7,1,0
BRDA:135,8,0,0
BRDA:135,9,0,0
BRDA:135,10,0,0
BRDA:135,11,0,0
BRDA:139,12,0,0
BRDA:139,12,1,0
BRDA:139,13,0,0
BRDA:139,13,1,0
BRDA:139,13,2,0
BRDA:148,14,0,0
BRDA:148,14,1,0
BRDA:155,15,0,0
BRDA:155,15,1,0
BRDA:162,16,0,0
BRDA:162,16,1,0
BRDA:175,17,0,0
BRDA:175,17,1,0
BRDA:188,18,0,0
BRDA:188,18,1,0
BRDA:193,19,0,0
BRDA:193,19,1,0
BRDA:194,20,0,0
BRDA:194,20,1,0
BRDA:199,21,0,0
BRDA:199,21,1,0
BRDA:204,22,0,0
BRDA:204,22,1,0
BRDA:210,23,0,0
BRDA:210,23,1,0
BRDA:211,24,0,0
BRDA:211,24,1,0
BRDA:216,25,0,0
BRDA:216,25,1,0
BRDA:221,26,0,0
BRDA:221,26,1,0
BRDA:235,27,0,0
BRDA:235,27,1,0
BRDA:238,28,0,0
BRDA:238,28,1,0
BRDA:258,29,0,0
BRDA:258,29,1,0
BRDA:273,30,0,0
BRDA:273,30,1,0
BRDA:290,31,0,0
BRDA:290,31,1,0
BRDA:305,32,0,0
BRDA:305,32,1,0
BRDA:310,33,0,0
BRDA:310,33,1,0
BRDA:325,34,0,0
BRDA:325,34,1,0
BRDA:330,35,0,0
BRDA:330,35,1,0
BRDA:347,36,0,0
BRDA:347,36,1,0
BRDA:364,37,0,0
BRDA:364,37,1,0
BRDA:400,38,0,1
BRDA:400,38,1,2
BRDA:441,39,0,1
BRDA:441,39,1,1
BRDA:460,40,0,1
BRDA:460,40,1,1
BRF:75
BRH:7
end_of_record
TN:
SF:models/jobs.js
FN:15,(anonymous_0)
FN:40,(anonymous_1)
FN:99,(anonymous_2)
FN:115,(anonymous_3)
FN:132,(anonymous_4)
FN:158,(anonymous_5)
FN:181,(anonymous_6)
FN:229,(anonymous_7)
FNF:8
FNH:1
FNDA:0,(anonymous_0)
FNDA:0,(anonymous_1)
FNDA:0,(anonymous_2)
FNDA:0,(anonymous_3)
FNDA:3,(anonymous_4)
FNDA:0,(anonymous_5)
FNDA:0,(anonymous_6)
FNDA:0,(anonymous_7)
DA:3,1
DA:4,1
DA:5,1
DA:16,0
DA:17,0
DA:21,0
DA:22,0
DA:41,0
DA:42,0
DA:44,0
DA:47,0
DA:50,0
DA:53,0
DA:54,0
DA:55,0
DA:56,0
DA:60,0
DA:61,0
DA:62,0
DA:63,0
DA:71,0
DA:72,0
DA:76,0
DA:78,0
DA:79,0
DA:82,0
DA:83,0
DA:84,0
DA:86,0
DA:100,0
DA:101,0
DA:105,0
DA:106,0
DA:107,0
DA:116,0
DA:117,0
DA:120,0
DA:121,0
DA:122,0
DA:143,3
DA:147,3
DA:149,3
DA:159,0
DA:162,0
DA:163,0
DA:164,0
DA:182,0
DA:185,0
DA:187,0
DA:196,0
DA:197,0
DA:199,0
DA:201,0
DA:230,0
DA:231,0
DA:232,0
DA:234,0
DA:235,0
DA:238,0
DA:239,0
DA:240,0
DA:241,0
DA:244,0
DA:245,0
DA:246,0
DA:248,0
DA:255,1
LF:67
LH:7
BRDA:40,0,0,0
BRDA:40,1,0,0
BRDA:40,2,0,0
BRDA:40,3,0,0
BRDA:53,4,0,0
BRDA:53,4,1,0
BRDA:60,5,0,0
BRDA:60,5,1,0
BRDA:71,6,0,0
BRDA:71,6,1,0
BRDA:83,7,0,0
BRDA:83,7,1,0
BRDA:106,8,0,0
BRDA:106,8,1,0
BRDA:121,9,0,0
BRDA:121,9,1,0
BRDA:163,10,0,0
BRDA:163,10,1,0
BRDA:199,11,0,0
BRDA:199,11,1,0
BRDA:234,12,0,0
BRDA:234,12,1,0
BRDA:238,13,0,0
BRDA:238,13,1,0
BRF:24
BRH:0
end_of_record
TN:
SF:models/user.js
FN:24,(anonymous_0)
FN:59,(anonymous_1)
FN:105,(anonymous_2)
FN:134,(anonymous_3)
FN:150,(anonymous_4)
FN:156,(anonymous_5)
FN:171,(anonymous_6)
FN:194,(anonymous_7)
FN:209,(anonymous_8)
FN:237,(anonymous_9)
FN:270,(anonymous_10)
FNF:11
FNH:2
FNDA:0,(anonymous_0)
FNDA:4,(anonymous_1)
FNDA:0,(anonymous_2)
FNDA:0,(anonymous_3)
FNDA:0,(anonymous_4)
FNDA:0,(anonymous_5)
FNDA:0,(anonymous_6)
FNDA:0,(anonymous_7)
FNDA:2,(anonymous_8)
FNDA:0,(anonymous_9)
FNDA:0,(anonymous_10)
DA:3,1
DA:4,1
DA:5,1
DA:10,1
DA:12,1
DA:26,0
DA:38,0
DA:40,0
DA:42,0
DA:43,0
DA:44,0
DA:45,0
DA:49,0
DA:61,4
DA:68,4
DA:69,0
DA:72,4
DA:74,4
DA:94,4
DA:96,4
DA:106,0
DA:116,0
DA:135,0
DA:150,0
DA:156,0
DA:172,0
DA:183,0
DA:186,0
DA:187,0
DA:189,0
DA:191,0
DA:194,0
DA:196,0
DA:210,2
DA:216,2
DA:217,2
DA:238,0
DA:239,0
DA:242,0
DA:249,0
DA:251,0
DA:259,0
DA:260,0
DA:262,0
DA:264,0
DA:265,0
DA:271,0
DA:278,0
DA:280,0
DA:285,1
LF:50
LH:15
BRDA:40,0,0,0
BRDA:40,0,1,0
BRDA:43,1,0,0
BRDA:43,1,1,0
BRDA:68,2,0,0
BRDA:68,2,1,4
BRDA:191,3,0,0
BRDA:191,3,1,0
BRDA:238,4,0,0
BRDA:238,4,1,0
BRDA:262,5,0,0
BRDA:262,5,1,0
BRDA:280,6,0,0
BRDA:280,6,1,0
BRF:14
BRH:1
end_of_record
TN:
SF:routes/_testCommon.js
FN:11,commonBeforeAll
FN:105,commonBeforeEach
FN:109,commonAfterEach
FN:113,commonAfterAll
FNF:4
FNH:4
FNDA:1,commonBeforeAll
FNDA:19,commonBeforeEach
FNDA:19,commonAfterEach
FNDA:1,commonAfterAll
DA:3,1
DA:4,1
DA:5,1
DA:6,1
DA:7,1
DA:13,1
DA:15,1
DA:17,1
DA:19,1
DA:21,1
DA:29,1
DA:37,1
DA:46,1
DA:54,1
DA:62,1
DA:72,1
DA:81,1
DA:87,1
DA:93,1
DA:100,1
DA:101,1
DA:106,19
DA:110,19
DA:114,1
DA:118,1
DA:119,1
DA:122,1
LF:27
LH:27
BRF:0
BRH:0
end_of_record
TN:
SF:routes/auth.js
FN:22,(anonymous_0)
FN:26,(anonymous_1)
FN:49,(anonymous_2)
FN:54,(anonymous_3)
FNF:4
FNH:0
FNDA:0,(anonymous_0)
FNDA:0,(anonymous_1)
FNDA:0,(anonymous_2)
FNDA:0,(anonymous_3)
DA:5,1
DA:7,1
DA:8,1
DA:9,1
DA:10,1
DA:11,1
DA:12,1
DA:13,1
DA:22,1
DA:23,0
DA:24,0
DA:25,0
DA:26,0
DA:27,0
DA:30,0
DA:31,0
DA:32,0
DA:33,0
DA:35,0
DA:49,1
DA:50,0
DA:51,0
DA:52,0
DA:53,0
DA:54,0
DA:55,0
DA:58,0
DA:59,0
DA:60,0
DA:62,0
DA:67,1
LF:31
LH:11
BRDA:25,0,0,0
BRDA:25,0,1,0
BRDA:53,1,0,0
BRDA:53,1,1,0
BRF:4
BRH:0
end_of_record
TN:
SF:routes/companies.js
FN:28,(anonymous_0)
FN:32,(anonymous_1)
FN:55,(anonymous_2)
FN:63,(anonymous_3)
FN:94,(anonymous_4)
FN:102,(anonymous_5)
FN:126,(anonymous_6)
FN:146,(anonymous_7)
FN:150,(anonymous_8)
FN:166,(anonymous_9)
FNF:10
FNH:7
FNDA:3,(anonymous_0)
FNDA:3,(anonymous_1)
FNDA:2,(anonymous_2)
FNDA:0,(anonymous_3)
FNDA:0,(anonymous_4)
FNDA:0,(anonymous_5)
FNDA:3,(anonymous_6)
FNDA:4,(anonymous_7)
FNDA:2,(anonymous_8)
FNDA:2,(anonymous_9)
DA:5,1
DA:6,1
DA:8,1
DA:9,1
DA:10,1
DA:12,1
DA:13,1
DA:14,1
DA:16,1
DA:28,1
DA:29,3
DA:30,3
DA:31,3
DA:32,3
DA:33,2
DA:36,1
DA:37,1
DA:39,2
DA:55,1
DA:56,2
DA:57,2
DA:58,2
DA:59,2
DA:60,0
DA:61,0
DA:62,0
DA:63,0
DA:64,0
DA:66,0
DA:67,0
DA:70,2
DA:71,1
DA:74,1
DA:94,1
DA:95,0
DA:96,0
DA:97,0
DA:98,0
DA:99,0
DA:100,0
DA:101,0
DA:102,0
DA:103,0
DA:105,0
DA:106,0
DA:109,0
DA:110,0
DA:114,0
DA:126,1
DA:127,3
DA:128,3
DA:129,2
DA:131,1
DA:146,1
DA:147,4
DA:148,4
DA:149,4
DA:150,2
DA:151,2
DA:154,2
DA:155,1
DA:157,3
DA:166,1
DA:167,2
DA:168,2
DA:169,1
DA:171,1
DA:176,1
LF:68
LH:47
BRDA:31,0,0,2
BRDA:31,0,1,1
BRDA:59,1,0,0
BRDA:59,1,1,2
BRDA:62,2,0,0
BRDA:62,2,1,0
BRDA:98,3,0,0
BRDA:98,3,1,0
BRDA:101,4,0,0
BRDA:101,4,1,0
BRDA:149,5,0,2
BRDA:149,5,1,2
BRF:12
BRH:5
end_of_record
TN:
SF:routes/jobs.js
FN:28,(anonymous_0)
FN:36,(anonymous_1)
FN:60,(anonymous_2)
FN:78,(anonymous_3)
FN:97,(anonymous_4)
FN:101,(anonymous_5)
FN:117,(anonymous_6)
FN:137,(anonymous_7)
FN:141,(anonymous_8)
FNF:9
FNH:0
FNDA:0,(anonymous_0)
FNDA:0,(anonymous_1)
FNDA:0,(anonymous_2)
FNDA:0,(anonymous_3)
FNDA:0,(anonymous_4)
FNDA:0,(anonymous_5)
FNDA:0,(anonymous_6)
FNDA:0,(anonymous_7)
FNDA:0,(anonymous_8)
DA:5,1
DA:6,1
DA:8,1
DA:9,1
DA:10,1
DA:12,1
DA:13,1
DA:14,1
DA:15,1
DA:19,1
DA:28,1
DA:29,0
DA:30,0
DA:31,0
DA:32,0
DA:33,0
DA:34,0
DA:35,0
DA:36,0
DA:37,0
DA:39,0
DA:40,0
DA:43,0
DA:44,0
DA:49,0
DA:60,1
DA:61,0
DA:62,0
DA:63,0
DA:65,0
DA:78,1
DA:79,0
DA:80,0
DA:81,0
DA:83,0
DA:97,1
DA:98,0
DA:99,0
DA:100,0
DA:101,0
DA:102,0
DA:104,0
DA:105,0
DA:108,0
DA:117,1
DA:118,0
DA:119,0
DA:120,0
DA:123,0
DA:137,1
DA:138,0
DA:139,0
DA:140,0
DA:141,0
DA:142,0
DA:144,0
DA:145,0
DA:148,0
DA:152,1
LF:59
LH:17
BRDA:32,0,0,0
BRDA:32,0,1,0
BRDA:35,1,0,0
BRDA:35,1,1,0
BRDA:100,2,0,0
BRDA:100,2,1,0
BRDA:140,3,0,0
BRDA:140,3,1,0
BRF:8
BRH:0
end_of_record
TN:
SF:routes/users.js
FN:31,(anonymous_0)
FN:35,(anonymous_1)
FN:55,(anonymous_2)
FN:61,(anonymous_3)
FN:99,(anonymous_4)
FN:116,(anonymous_5)
FN:136,(anonymous_6)
FN:140,(anonymous_7)
FN:157,(anonymous_8)
FNF:9
FNH:0
FNDA:0,(anonymous_0)
FNDA:0,(anonymous_1)
FNDA:0,(anonymous_2)
FNDA:0,(anonymous_3)
FNDA:0,(anonymous_4)
FNDA:0,(anonymous_5)
FNDA:0,(anonymous_6)
FNDA:0,(anonymous_7)
FNDA:0,(anonymous_8)
DA:5,1
DA:7,1
DA:8,1
DA:9,1
DA:10,1
DA:11,1
DA:12,1
DA:13,1
DA:14,1
DA:16,1
DA:31,1
DA:32,0
DA:33,0
DA:34,0
DA:35,0
DA:36,0
DA:39,0
DA:40,0
DA:41,0
DA:43,0
DA:55,1
DA:56,0
DA:57,0
DA:58,0
DA:59,0
DA:60,0
DA:61,0
DA:62,0
DA:64,0
DA:66,0
DA:75,0
DA:77,0
DA:79,0
DA:80,0
DA:83,0
DA:84,0
DA:87,0
DA:99,1
DA:100,0
DA:101,0
DA:102,0
DA:104,0
DA:116,1
DA:117,0
DA:118,0
DA:119,0
DA:121,0
DA:136,1
DA:137,0
DA:138,0
DA:139,0
DA:140,0
DA:141,0
DA:144,0
DA:145,0
DA:147,0
DA:157,1
DA:158,0
DA:159,0
DA:160,0
DA:162,0
DA:167,1
LF:62
LH:17
BRDA:34,0,0,0
BRDA:34,0,1,0
BRDA:60,1,0,0
BRDA:60,1,1,0
BRDA:77,2,0,0
BRDA:77,2,1,0
BRDA:79,3,0,0
BRDA:79,3,1,0
BRDA:83,4,0,0
BRDA:83,4,1,0
BRDA:139,5,0,0
BRDA:139,5,1,0
BRF:12
BRH:0
end_of_record
